Started by user [8mha:////4O41tps2LRB9QIC9ABXQkbMIc7S01ltnQdyK3ISIGy2vAAAAlx+LCAAAAAAAAP9b85aBtbiIQTGjNKU4P08vOT+vOD8nVc83PyU1x6OyILUoJzMv2y+/JJUBAhiZGBgqihhk0NSjKDWzXb3RdlLBUSYGJk8GtpzUvPSSDB8G5tKinBIGIZ+sxLJE/ZzEvHT94JKizLx0a6BxUmjGOUNodHsLgAz2EgZu/dLi1CL9gsS8lEQAm4MTyMAAAAA=[0mPandaIT
Running as SYSTEM
Building in workspace /var/jenkins_home/workspace/CI
The recommended git tool is: NONE
using credential GitHub
 > git rev-parse --is-inside-work-tree # timeout=10
Fetching changes from the remote Git repository
 > git config remote.origin.url https://github.com/rafalekjan/panda_aplication.git # timeout=10
Fetching upstream changes from https://github.com/rafalekjan/panda_aplication.git
 > git --version # timeout=10
 > git --version # 'git version 2.20.1'
using GIT_ASKPASS to set credentials Klucz do githuba
 > git fetch --tags --force --progress -- https://github.com/rafalekjan/panda_aplication.git +refs/heads/*:refs/remotes/origin/* # timeout=10
 > git rev-parse origin/master^{commit} # timeout=10
Checking out Revision 9fd2089db497bcd0d97e17030069308eca1138db (origin/master)
 > git config core.sparsecheckout # timeout=10
 > git checkout -f 9fd2089db497bcd0d97e17030069308eca1138db # timeout=10
Commit message: "Merge pull request #1 from rafalekjan/feature/selenium_CICD"
 > git rev-list --no-walk 69efb5bd86bc6fd62b7ac5c7938d9b3437396ec8 # timeout=10
[CI] $ /var/jenkins_home/tools/hudson.tasks.Maven_MavenInstallation/auto_maven/bin/mvn install
[INFO] Scanning for projects...
[INFO] 
[INFO] --------------------------< pl.pandait:panda >--------------------------
[INFO] Building panda 0.0.3
[INFO] --------------------------------[ jar ]---------------------------------
Downloading from central: https://repo.maven.apache.org/maven2/org/hamcrest/hamcrest-core/2.1/hamcrest-core-2.1.pom
Progress (1): 1.4 kB                    Downloaded from central: https://repo.maven.apache.org/maven2/org/hamcrest/hamcrest-core/2.1/hamcrest-core-2.1.pom (1.4 kB at 1.8 kB/s)
Downloading from central: https://repo.maven.apache.org/maven2/org/seleniumhq/selenium/selenium-java/3.141.59/selenium-java-3.141.59.pom
Progress (1): 2.7/5.4 kBProgress (1): 5.4 kB                        Downloaded from central: https://repo.maven.apache.org/maven2/org/seleniumhq/selenium/selenium-java/3.141.59/selenium-java-3.141.59.pom (5.4 kB at 61 kB/s)
Downloading from central: https://repo.maven.apache.org/maven2/org/seleniumhq/selenium/selenium-api/3.141.59/selenium-api-3.141.59.pom
Progress (1): 2.6 kB                    Downloaded from central: https://repo.maven.apache.org/maven2/org/seleniumhq/selenium/selenium-api/3.141.59/selenium-api-3.141.59.pom (2.6 kB at 36 kB/s)
Downloading from central: https://repo.maven.apache.org/maven2/org/seleniumhq/selenium/selenium-chrome-driver/3.141.59/selenium-chrome-driver-3.141.59.pom
Progress (1): 2.7/4.0 kBProgress (1): 4.0 kB                        Downloaded from central: https://repo.maven.apache.org/maven2/org/seleniumhq/selenium/selenium-chrome-driver/3.141.59/selenium-chrome-driver-3.141.59.pom (4.0 kB at 55 kB/s)
Downloading from central: https://repo.maven.apache.org/maven2/org/seleniumhq/selenium/selenium-remote-driver/3.141.59/selenium-remote-driver-3.141.59.pom
Progress (1): 2.7/3.8 kBProgress (1): 3.8 kB                        Downloaded from central: https://repo.maven.apache.org/maven2/org/seleniumhq/selenium/selenium-remote-driver/3.141.59/selenium-remote-driver-3.141.59.pom (3.8 kB at 53 kB/s)
Downloading from central: https://repo.maven.apache.org/maven2/org/apache/commons/commons-exec/1.3/commons-exec-1.3.pom
Progress (1): 2.7/11 kBProgress (1): 5.5/11 kBProgress (1): 8.2/11 kBProgress (1): 11/11 kB Progress (1): 11 kB                      Downloaded from central: https://repo.maven.apache.org/maven2/org/apache/commons/commons-exec/1.3/commons-exec-1.3.pom (11 kB at 132 kB/s)
Downloading from central: https://repo.maven.apache.org/maven2/org/apache/commons/commons-parent/35/commons-parent-35.pom
Progress (1): 2.7/58 kBProgress (1): 5.5/58 kBProgress (1): 8.2/58 kBProgress (1): 11/58 kB Progress (1): 14/58 kBProgress (1): 16/58 kBProgress (1): 19/58 kBProgress (1): 22/58 kBProgress (1): 25/58 kBProgress (1): 27/58 kBProgress (1): 30/58 kBProgress (1): 33/58 kBProgress (1): 36/58 kBProgress (1): 38/58 kBProgress (1): 41/58 kBProgress (1): 44/58 kBProgress (1): 47/58 kBProgress (1): 49/58 kBProgress (1): 52/58 kBProgress (1): 55/58 kBProgress (1): 58/58 kBProgress (1): 58 kB                      Downloaded from central: https://repo.maven.apache.org/maven2/org/apache/commons/commons-parent/35/commons-parent-35.pom (58 kB at 516 kB/s)
Downloading from central: https://repo.maven.apache.org/maven2/com/google/guava/guava/25.0-jre/guava-25.0-jre.pom
Progress (1): 2.7/7.8 kBProgress (1): 5.5/7.8 kBProgress (1): 7.8 kB                        Downloaded from central: https://repo.maven.apache.org/maven2/com/google/guava/guava/25.0-jre/guava-25.0-jre.pom (7.8 kB at 110 kB/s)
Downloading from central: https://repo.maven.apache.org/maven2/com/google/guava/guava-parent/25.0-jre/guava-parent-25.0-jre.pom
Progress (1): 2.7/10 kBProgress (1): 5.5/10 kBProgress (1): 8.2/10 kBProgress (1): 10 kB                       Downloaded from central: https://repo.maven.apache.org/maven2/com/google/guava/guava-parent/25.0-jre/guava-parent-25.0-jre.pom (10 kB at 144 kB/s)
Downloading from central: https://repo.maven.apache.org/maven2/com/google/code/findbugs/jsr305/1.3.9/jsr305-1.3.9.pom
Progress (1): 965 B                   Downloaded from central: https://repo.maven.apache.org/maven2/com/google/code/findbugs/jsr305/1.3.9/jsr305-1.3.9.pom (965 B at 12 kB/s)
Downloading from central: https://repo.maven.apache.org/maven2/org/checkerframework/checker-compat-qual/2.0.0/checker-compat-qual-2.0.0.pom
Progress (1): 2.7/4.2 kBProgress (1): 4.2 kB                        Downloaded from central: https://repo.maven.apache.org/maven2/org/checkerframework/checker-compat-qual/2.0.0/checker-compat-qual-2.0.0.pom (4.2 kB at 64 kB/s)
Downloading from central: https://repo.maven.apache.org/maven2/com/google/errorprone/error_prone_annotations/2.1.3/error_prone_annotations-2.1.3.pom
Progress (1): 1.8 kB                    Downloaded from central: https://repo.maven.apache.org/maven2/com/google/errorprone/error_prone_annotations/2.1.3/error_prone_annotations-2.1.3.pom (1.8 kB at 28 kB/s)
Downloading from central: https://repo.maven.apache.org/maven2/com/google/errorprone/error_prone_parent/2.1.3/error_prone_parent-2.1.3.pom
Progress (1): 2.7/5.1 kBProgress (1): 5.1 kB                        Downloaded from central: https://repo.maven.apache.org/maven2/com/google/errorprone/error_prone_parent/2.1.3/error_prone_parent-2.1.3.pom (5.1 kB at 74 kB/s)
Downloading from central: https://repo.maven.apache.org/maven2/com/google/j2objc/j2objc-annotations/1.1/j2objc-annotations-1.1.pom
Progress (1): 2.7/2.8 kBProgress (1): 2.8 kB                        Downloaded from central: https://repo.maven.apache.org/maven2/com/google/j2objc/j2objc-annotations/1.1/j2objc-annotations-1.1.pom (2.8 kB at 32 kB/s)
Downloading from central: https://repo.maven.apache.org/maven2/org/codehaus/mojo/animal-sniffer-annotations/1.14/animal-sniffer-annotations-1.14.pom
Progress (1): 2.5 kB                    Downloaded from central: https://repo.maven.apache.org/maven2/org/codehaus/mojo/animal-sniffer-annotations/1.14/animal-sniffer-annotations-1.14.pom (2.5 kB at 32 kB/s)
Downloading from central: https://repo.maven.apache.org/maven2/org/codehaus/mojo/animal-sniffer-parent/1.14/animal-sniffer-parent-1.14.pom
Progress (1): 2.7/4.4 kBProgress (1): 4.4 kB                        Downloaded from central: https://repo.maven.apache.org/maven2/org/codehaus/mojo/animal-sniffer-parent/1.14/animal-sniffer-parent-1.14.pom (4.4 kB at 52 kB/s)
Downloading from central: https://repo.maven.apache.org/maven2/org/codehaus/mojo/mojo-parent/34/mojo-parent-34.pom
Progress (1): 2.7/24 kBProgress (1): 5.5/24 kBProgress (1): 8.2/24 kBProgress (1): 11/24 kB Progress (1): 14/24 kBProgress (1): 16/24 kBProgress (1): 19/24 kBProgress (1): 22/24 kBProgress (1): 24 kB                      Downloaded from central: https://repo.maven.apache.org/maven2/org/codehaus/mojo/mojo-parent/34/mojo-parent-34.pom (24 kB at 308 kB/s)
Downloading from central: https://repo.maven.apache.org/maven2/org/codehaus/codehaus-parent/4/codehaus-parent-4.pom
Progress (1): 2.7/4.8 kBProgress (1): 4.8 kB                        Downloaded from central: https://repo.maven.apache.org/maven2/org/codehaus/codehaus-parent/4/codehaus-parent-4.pom (4.8 kB at 68 kB/s)
Downloading from central: https://repo.maven.apache.org/maven2/com/squareup/okhttp3/okhttp/3.14.6/okhttp-3.14.6.pom
Progress (1): 2.5 kB                    Downloaded from central: https://repo.maven.apache.org/maven2/com/squareup/okhttp3/okhttp/3.14.6/okhttp-3.14.6.pom (2.5 kB at 29 kB/s)
Downloading from central: https://repo.maven.apache.org/maven2/com/squareup/okhttp3/parent/3.14.6/parent-3.14.6.pom
Progress (1): 2.7/21 kBProgress (1): 5.5/21 kBProgress (1): 8.2/21 kBProgress (1): 11/21 kB Progress (1): 14/21 kBProgress (1): 16/21 kBProgress (1): 19/21 kBProgress (1): 21 kB                      Downloaded from central: https://repo.maven.apache.org/maven2/com/squareup/okhttp3/parent/3.14.6/parent-3.14.6.pom (21 kB at 226 kB/s)
Downloading from central: https://repo.maven.apache.org/maven2/com/squareup/okio/okio/1.17.2/okio-1.17.2.pom
Progress (1): 2.0 kB                    Downloaded from central: https://repo.maven.apache.org/maven2/com/squareup/okio/okio/1.17.2/okio-1.17.2.pom (2.0 kB at 27 kB/s)
Downloading from central: https://repo.maven.apache.org/maven2/com/squareup/okio/okio-parent/1.17.2/okio-parent-1.17.2.pom
Progress (1): 2.7/4.9 kBProgress (1): 4.9 kB                        Downloaded from central: https://repo.maven.apache.org/maven2/com/squareup/okio/okio-parent/1.17.2/okio-parent-1.17.2.pom (4.9 kB at 38 kB/s)
Downloading from central: https://repo.maven.apache.org/maven2/com/squareup/okio/okio/1.14.0/okio-1.14.0.pom
Progress (1): 2.0 kB                    Downloaded from central: https://repo.maven.apache.org/maven2/com/squareup/okio/okio/1.14.0/okio-1.14.0.pom (2.0 kB at 32 kB/s)
Downloading from central: https://repo.maven.apache.org/maven2/com/squareup/okio/okio-parent/1.14.0/okio-parent-1.14.0.pom
Progress (1): 4.1/4.9 kBProgress (1): 4.9 kB                        Downloaded from central: https://repo.maven.apache.org/maven2/com/squareup/okio/okio-parent/1.14.0/okio-parent-1.14.0.pom (4.9 kB at 67 kB/s)
Downloading from central: https://repo.maven.apache.org/maven2/org/seleniumhq/selenium/selenium-edge-driver/3.141.59/selenium-edge-driver-3.141.59.pom
Progress (1): 4.0 kB                    Downloaded from central: https://repo.maven.apache.org/maven2/org/seleniumhq/selenium/selenium-edge-driver/3.141.59/selenium-edge-driver-3.141.59.pom (4.0 kB at 58 kB/s)
Downloading from central: https://repo.maven.apache.org/maven2/org/seleniumhq/selenium/selenium-firefox-driver/3.141.59/selenium-firefox-driver-3.141.59.pom
Progress (1): 4.0 kB                    Downloaded from central: https://repo.maven.apache.org/maven2/org/seleniumhq/selenium/selenium-firefox-driver/3.141.59/selenium-firefox-driver-3.141.59.pom (4.0 kB at 52 kB/s)
Downloading from central: https://repo.maven.apache.org/maven2/org/seleniumhq/selenium/selenium-ie-driver/3.141.59/selenium-ie-driver-3.141.59.pom
Progress (1): 4.0 kB                    Downloaded from central: https://repo.maven.apache.org/maven2/org/seleniumhq/selenium/selenium-ie-driver/3.141.59/selenium-ie-driver-3.141.59.pom (4.0 kB at 48 kB/s)
Downloading from central: https://repo.maven.apache.org/maven2/org/seleniumhq/selenium/selenium-opera-driver/3.141.59/selenium-opera-driver-3.141.59.pom
Progress (1): 4.0 kB                    Downloaded from central: https://repo.maven.apache.org/maven2/org/seleniumhq/selenium/selenium-opera-driver/3.141.59/selenium-opera-driver-3.141.59.pom (4.0 kB at 57 kB/s)
Downloading from central: https://repo.maven.apache.org/maven2/org/seleniumhq/selenium/selenium-safari-driver/3.141.59/selenium-safari-driver-3.141.59.pom
Progress (1): 4.0 kB                    Downloaded from central: https://repo.maven.apache.org/maven2/org/seleniumhq/selenium/selenium-safari-driver/3.141.59/selenium-safari-driver-3.141.59.pom (4.0 kB at 59 kB/s)
Downloading from central: https://repo.maven.apache.org/maven2/org/seleniumhq/selenium/selenium-support/3.141.59/selenium-support-3.141.59.pom
Progress (1): 4.0 kB                    Downloaded from central: https://repo.maven.apache.org/maven2/org/seleniumhq/selenium/selenium-support/3.141.59/selenium-support-3.141.59.pom (4.0 kB at 57 kB/s)
Downloading from central: https://repo.maven.apache.org/maven2/org/hamcrest/hamcrest-core/2.1/hamcrest-core-2.1.jar
Downloading from central: https://repo.maven.apache.org/maven2/org/seleniumhq/selenium/selenium-api/3.141.59/selenium-api-3.141.59.jar
Downloading from central: https://repo.maven.apache.org/maven2/org/seleniumhq/selenium/selenium-java/3.141.59/selenium-java-3.141.59.jar
Downloading from central: https://repo.maven.apache.org/maven2/org/seleniumhq/selenium/selenium-chrome-driver/3.141.59/selenium-chrome-driver-3.141.59.jar
Downloading from central: https://repo.maven.apache.org/maven2/org/seleniumhq/selenium/selenium-edge-driver/3.141.59/selenium-edge-driver-3.141.59.jar
Progress (1): 355 B                   Downloaded from central: https://repo.maven.apache.org/maven2/org/seleniumhq/selenium/selenium-java/3.141.59/selenium-java-3.141.59.jar (355 B at 3.0 kB/s)
Downloading from central: https://repo.maven.apache.org/maven2/org/seleniumhq/selenium/selenium-firefox-driver/3.141.59/selenium-firefox-driver-3.141.59.jar
Progress (1): 1.2 kBProgress (2): 1.2 kB | 4.1/810 kBProgress (3): 1.2 kB | 4.1/810 kB | 2.7/182 kBProgress (4): 1.2 kB | 4.1/810 kB | 2.7/182 kB | 2.7/8.0 kBProgress (5): 1.2 kB | 4.1/810 kB | 2.7/182 kB | 2.7/8.0 kB | 2.7/14 kBProgress (5): 1.2 kB | 4.1/810 kB | 2.7/182 kB | 5.5/8.0 kB | 2.7/14 kBProgress (5): 1.2 kB | 4.1/810 kB | 5.5/182 kB | 5.5/8.0 kB | 2.7/14 kBProgress (5): 1.2 kB | 4.1/810 kB | 5.5/182 kB | 8.0 kB | 2.7/14 kB                                                                       Downloaded from central: https://repo.maven.apache.org/maven2/org/hamcrest/hamcrest-core/2.1/hamcrest-core-2.1.jar (1.2 kB at 5.1 kB/s)
Downloading from central: https://repo.maven.apache.org/maven2/org/seleniumhq/selenium/selenium-ie-driver/3.141.59/selenium-ie-driver-3.141.59.jar
Progress (4): 8.2/810 kB | 5.5/182 kB | 8.0 kB | 2.7/14 kBProgress (4): 12/810 kB | 5.5/182 kB | 8.0 kB | 2.7/14 kB Progress (4): 16/810 kB | 5.5/182 kB | 8.0 kB | 2.7/14 kBProgress (4): 20/810 kB | 5.5/182 kB | 8.0 kB | 2.7/14 kBProgress (4): 25/810 kB | 5.5/182 kB | 8.0 kB | 2.7/14 kBProgress (4): 29/810 kB | 5.5/182 kB | 8.0 kB | 2.7/14 kBProgress (4): 29/810 kB | 5.5/182 kB | 8.0 kB | 5.5/14 kBProgress (4): 29/810 kB | 5.5/182 kB | 8.0 kB | 8.2/14 kBProgress (4): 29/810 kB | 5.5/182 kB | 8.0 kB | 11/14 kB Progress (4): 29/810 kB | 8.2/182 kB | 8.0 kB | 11/14 kBProgress (4): 33/810 kB | 8.2/182 kB | 8.0 kB | 11/14 kBProgress (4): 37/810 kB | 8.2/182 kB | 8.0 kB | 11/14 kBProgress (4): 37/810 kB | 8.2/182 kB | 8.0 kB | 14/14 kBProgress (4): 37/810 kB | 8.2/182 kB | 8.0 kB | 14 kB   Progress (4): 37/810 kB | 11/182 kB | 8.0 kB | 14 kB Progress (4): 41/810 kB | 11/182 kB | 8.0 kB | 14 kBProgress (4): 45/810 kB | 11/182 kB | 8.0 kB | 14 kBProgress (4): 49/810 kB | 11/182 kB | 8.0 kB | 14 kBProgress (4): 49/810 kB | 14/182 kB | 8.0 kB | 14 kBProgress (4): 53/810 kB | 14/182 kB | 8.0 kB | 14 kBProgress (4): 57/810 kB | 14/182 kB | 8.0 kB | 14 kBProgress (4): 61/810 kB | 14/182 kB | 8.0 kB | 14 kBProgress (4): 66/810 kB | 14/182 kB | 8.0 kB | 14 kBProgress (4): 70/810 kB | 14/182 kB | 8.0 kB | 14 kBProgress (4): 70/810 kB | 16/182 kB | 8.0 kB | 14 kBProgress (4): 74/810 kB | 16/182 kB | 8.0 kB | 14 kBProgress (4): 74/810 kB | 19/182 kB | 8.0 kB | 14 kBProgress (4): 74/810 kB | 22/182 kB | 8.0 kB | 14 kBProgress (4): 74/810 kB | 25/182 kB | 8.0 kB | 14 kBProgress (4): 74/810 kB | 27/182 kB | 8.0 kB | 14 kBProgress (4): 74/810 kB | 30/182 kB | 8.0 kB | 14 kBProgress (4): 74/810 kB | 33/182 kB | 8.0 kB | 14 kBProgress (5): 74/810 kB | 33/182 kB | 8.0 kB | 14 kB | 2.7/17 kB                                                                Downloaded from central: https://repo.maven.apache.org/maven2/org/seleniumhq/selenium/selenium-edge-driver/3.141.59/selenium-edge-driver-3.141.59.jar (8.0 kB at 30 kB/s)
Progress (4): 78/810 kB | 33/182 kB | 14 kB | 2.7/17 kBProgress (4): 82/810 kB | 33/182 kB | 14 kB | 2.7/17 kB                                                       Downloading from central: https://repo.maven.apache.org/maven2/org/seleniumhq/selenium/selenium-opera-driver/3.141.59/selenium-opera-driver-3.141.59.jar
Progress (4): 82/810 kB | 36/182 kB | 14 kB | 2.7/17 kBProgress (4): 82/810 kB | 36/182 kB | 14 kB | 5.5/17 kBProgress (4): 82/810 kB | 38/182 kB | 14 kB | 5.5/17 kBProgress (4): 86/810 kB | 38/182 kB | 14 kB | 5.5/17 kBProgress (4): 86/810 kB | 41/182 kB | 14 kB | 5.5/17 kBProgress (4): 86/810 kB | 41/182 kB | 14 kB | 8.2/17 kBProgress (4): 86/810 kB | 44/182 kB | 14 kB | 8.2/17 kBProgress (4): 90/810 kB | 44/182 kB | 14 kB | 8.2/17 kBProgress (4): 94/810 kB | 44/182 kB | 14 kB | 8.2/17 kBProgress (4): 94/810 kB | 47/182 kB | 14 kB | 8.2/17 kBProgress (4): 94/810 kB | 47/182 kB | 14 kB | 11/17 kB Progress (4): 98/810 kB | 47/182 kB | 14 kB | 11/17 kBProgress (4): 102/810 kB | 47/182 kB | 14 kB | 11/17 kBProgress (4): 106/810 kB | 47/182 kB | 14 kB | 11/17 kBProgress (4): 111/810 kB | 47/182 kB | 14 kB | 11/17 kBProgress (4): 115/810 kB | 47/182 kB | 14 kB | 11/17 kBProgress (4): 119/810 kB | 47/182 kB | 14 kB | 11/17 kBProgress (4): 123/810 kB | 47/182 kB | 14 kB | 11/17 kBProgress (4): 127/810 kB | 47/182 kB | 14 kB | 11/17 kBProgress (4): 131/810 kB | 47/182 kB | 14 kB | 11/17 kBProgress (4): 131/810 kB | 49/182 kB | 14 kB | 11/17 kBProgress (4): 131/810 kB | 52/182 kB | 14 kB | 11/17 kBProgress (4): 131/810 kB | 55/182 kB | 14 kB | 11/17 kBProgress (4): 131/810 kB | 58/182 kB | 14 kB | 11/17 kB                                                       Downloaded from central: https://repo.maven.apache.org/maven2/org/seleniumhq/selenium/selenium-chrome-driver/3.141.59/selenium-chrome-driver-3.141.59.jar (14 kB at 42 kB/s)
Downloading from central: https://repo.maven.apache.org/maven2/org/seleniumhq/selenium/selenium-remote-driver/3.141.59/selenium-remote-driver-3.141.59.jar
Progress (3): 131/810 kB | 58/182 kB | 14/17 kBProgress (3): 131/810 kB | 58/182 kB | 16/17 kBProgress (3): 131/810 kB | 58/182 kB | 17 kB   Progress (4): 131/810 kB | 58/182 kB | 17 kB | 2.7/11 kBProgress (4): 135/810 kB | 58/182 kB | 17 kB | 2.7/11 kBProgress (4): 139/810 kB | 58/182 kB | 17 kB | 2.7/11 kBProgress (4): 143/810 kB | 58/182 kB | 17 kB | 2.7/11 kBProgress (4): 143/810 kB | 58/182 kB | 17 kB | 5.5/11 kBProgress (4): 143/810 kB | 58/182 kB | 17 kB | 8.2/11 kBProgress (4): 143/810 kB | 58/182 kB | 17 kB | 11 kB    Progress (4): 143/810 kB | 60/182 kB | 17 kB | 11 kBProgress (4): 143/810 kB | 63/182 kB | 17 kB | 11 kBProgress (4): 143/810 kB | 66/182 kB | 17 kB | 11 kBProgress (4): 147/810 kB | 66/182 kB | 17 kB | 11 kBProgress (4): 152/810 kB | 66/182 kB | 17 kB | 11 kBProgress (4): 156/810 kB | 66/182 kB | 17 kB | 11 kBProgress (4): 160/810 kB | 66/182 kB | 17 kB | 11 kBProgress (4): 164/810 kB | 66/182 kB | 17 kB | 11 kBProgress (4): 168/810 kB | 66/182 kB | 17 kB | 11 kBProgress (4): 172/810 kB | 66/182 kB | 17 kB | 11 kBProgress (4): 176/810 kB | 66/182 kB | 17 kB | 11 kBProgress (4): 180/810 kB | 66/182 kB | 17 kB | 11 kBProgress (4): 180/810 kB | 69/182 kB | 17 kB | 11 kBProgress (4): 180/810 kB | 71/182 kB | 17 kB | 11 kBProgress (4): 180/810 kB | 74/182 kB | 17 kB | 11 kBProgress (4): 184/810 kB | 74/182 kB | 17 kB | 11 kBProgress (4): 188/810 kB | 74/182 kB | 17 kB | 11 kBProgress (4): 193/810 kB | 74/182 kB | 17 kB | 11 kBProgress (4): 197/810 kB | 74/182 kB | 17 kB | 11 kBProgress (4): 201/810 kB | 74/182 kB | 17 kB | 11 kBProgress (4): 205/810 kB | 74/182 kB | 17 kB | 11 kBProgress (4): 209/810 kB | 74/182 kB | 17 kB | 11 kBProgress (4): 209/810 kB | 77/182 kB | 17 kB | 11 kBProgress (4): 209/810 kB | 80/182 kB | 17 kB | 11 kBProgress (4): 213/810 kB | 80/182 kB | 17 kB | 11 kBProgress (4): 213/810 kB | 82/182 kB | 17 kB | 11 kB                                                    Downloaded from central: https://repo.maven.apache.org/maven2/org/seleniumhq/selenium/selenium-ie-driver/3.141.59/selenium-ie-driver-3.141.59.jar (17 kB at 49 kB/s)
Downloading from central: https://repo.maven.apache.org/maven2/org/seleniumhq/selenium/selenium-safari-driver/3.141.59/selenium-safari-driver-3.141.59.jar
Progress (4): 213/810 kB | 82/182 kB | 11 kB | 2.7/334 kBProgress (4): 213/810 kB | 82/182 kB | 11 kB | 5.5/334 kBProgress (4): 213/810 kB | 82/182 kB | 11 kB | 8.2/334 kBProgress (4): 217/810 kB | 82/182 kB | 11 kB | 8.2/334 kBProgress (4): 217/810 kB | 82/182 kB | 11 kB | 11/334 kB                                                         Downloaded from central: https://repo.maven.apache.org/maven2/org/seleniumhq/selenium/selenium-opera-driver/3.141.59/selenium-opera-driver-3.141.59.jar (11 kB at 30 kB/s)
Progress (3): 217/810 kB | 82/182 kB | 14/334 kBProgress (3): 217/810 kB | 82/182 kB | 16/334 kBProgress (3): 217/810 kB | 82/182 kB | 19/334 kBProgress (3): 217/810 kB | 85/182 kB | 19/334 kBProgress (3): 217/810 kB | 88/182 kB | 19/334 kBProgress (3): 221/810 kB | 88/182 kB | 19/334 kBProgress (3): 221/810 kB | 90/182 kB | 19/334 kBProgress (3): 225/810 kB | 90/182 kB | 19/334 kBProgress (3): 225/810 kB | 90/182 kB | 22/334 kB                                                Downloading from central: https://repo.maven.apache.org/maven2/org/seleniumhq/selenium/selenium-support/3.141.59/selenium-support-3.141.59.jar
Progress (3): 229/810 kB | 90/182 kB | 22/334 kBProgress (3): 229/810 kB | 93/182 kB | 22/334 kBProgress (3): 229/810 kB | 96/182 kB | 22/334 kBProgress (3): 233/810 kB | 96/182 kB | 22/334 kBProgress (3): 233/810 kB | 96/182 kB | 25/334 kBProgress (3): 238/810 kB | 96/182 kB | 25/334 kBProgress (3): 238/810 kB | 99/182 kB | 25/334 kBProgress (3): 242/810 kB | 99/182 kB | 25/334 kBProgress (3): 242/810 kB | 101/182 kB | 25/334 kBProgress (3): 246/810 kB | 101/182 kB | 25/334 kBProgress (3): 246/810 kB | 104/182 kB | 25/334 kBProgress (3): 246/810 kB | 107/182 kB | 25/334 kBProgress (3): 246/810 kB | 110/182 kB | 25/334 kBProgress (3): 250/810 kB | 110/182 kB | 25/334 kBProgress (3): 250/810 kB | 112/182 kB | 25/334 kBProgress (3): 254/810 kB | 112/182 kB | 25/334 kBProgress (3): 254/810 kB | 115/182 kB | 25/334 kBProgress (3): 258/810 kB | 115/182 kB | 25/334 kBProgress (3): 258/810 kB | 118/182 kB | 25/334 kBProgress (3): 262/810 kB | 118/182 kB | 25/334 kBProgress (3): 262/810 kB | 121/182 kB | 25/334 kBProgress (3): 262/810 kB | 123/182 kB | 25/334 kBProgress (3): 266/810 kB | 123/182 kB | 25/334 kBProgress (3): 266/810 kB | 126/182 kB | 25/334 kBProgress (3): 270/810 kB | 126/182 kB | 25/334 kBProgress (3): 270/810 kB | 129/182 kB | 25/334 kBProgress (3): 274/810 kB | 129/182 kB | 25/334 kBProgress (3): 274/810 kB | 132/182 kB | 25/334 kBProgress (3): 274/810 kB | 132/182 kB | 27/334 kBProgress (3): 279/810 kB | 132/182 kB | 27/334 kBProgress (3): 279/810 kB | 132/182 kB | 30/334 kBProgress (3): 279/810 kB | 134/182 kB | 30/334 kBProgress (3): 283/810 kB | 134/182 kB | 30/334 kBProgress (3): 283/810 kB | 137/182 kB | 30/334 kBProgress (3): 283/810 kB | 137/182 kB | 33/334 kBProgress (4): 283/810 kB | 137/182 kB | 33/334 kB | 2.7/16 kBProgress (4): 287/810 kB | 137/182 kB | 33/334 kB | 2.7/16 kBProgress (4): 287/810 kB | 137/182 kB | 33/334 kB | 5.5/16 kBProgress (4): 287/810 kB | 137/182 kB | 36/334 kB | 5.5/16 kBProgress (4): 291/810 kB | 137/182 kB | 36/334 kB | 5.5/16 kBProgress (4): 291/810 kB | 137/182 kB | 38/334 kB | 5.5/16 kBProgress (4): 291/810 kB | 137/182 kB | 38/334 kB | 8.2/16 kBProgress (4): 291/810 kB | 137/182 kB | 41/334 kB | 8.2/16 kBProgress (4): 291/810 kB | 137/182 kB | 41/334 kB | 11/16 kB Progress (4): 295/810 kB | 137/182 kB | 41/334 kB | 11/16 kBProgress (4): 295/810 kB | 140/182 kB | 41/334 kB | 11/16 kBProgress (4): 295/810 kB | 140/182 kB | 44/334 kB | 11/16 kBProgress (4): 295/810 kB | 140/182 kB | 44/334 kB | 14/16 kBProgress (4): 299/810 kB | 140/182 kB | 44/334 kB | 14/16 kBProgress (4): 303/810 kB | 140/182 kB | 44/334 kB | 14/16 kBProgress (4): 303/810 kB | 143/182 kB | 44/334 kB | 14/16 kBProgress (4): 303/810 kB | 143/182 kB | 44/334 kB | 16 kB   Progress (4): 303/810 kB | 145/182 kB | 44/334 kB | 16 kBProgress (4): 307/810 kB | 145/182 kB | 44/334 kB | 16 kBProgress (4): 307/810 kB | 148/182 kB | 44/334 kB | 16 kBProgress (4): 311/810 kB | 148/182 kB | 44/334 kB | 16 kBProgress (4): 311/810 kB | 148/182 kB | 47/334 kB | 16 kBProgress (4): 311/810 kB | 148/182 kB | 49/334 kB | 16 kBProgress (4): 311/810 kB | 148/182 kB | 52/334 kB | 16 kBProgress (4): 311/810 kB | 148/182 kB | 55/334 kB | 16 kBProgress (4): 311/810 kB | 151/182 kB | 55/334 kB | 16 kBProgress (4): 315/810 kB | 151/182 kB | 55/334 kB | 16 kBProgress (4): 319/810 kB | 151/182 kB | 55/334 kB | 16 kBProgress (4): 319/810 kB | 154/182 kB | 55/334 kB | 16 kBProgress (4): 324/810 kB | 154/182 kB | 55/334 kB | 16 kBProgress (4): 324/810 kB | 154/182 kB | 58/334 kB | 16 kBProgress (4): 324/810 kB | 156/182 kB | 58/334 kB | 16 kBProgress (4): 324/810 kB | 159/182 kB | 58/334 kB | 16 kBProgress (4): 328/810 kB | 159/182 kB | 58/334 kB | 16 kBProgress (4): 328/810 kB | 162/182 kB | 58/334 kB | 16 kBProgress (4): 328/810 kB | 162/182 kB | 60/334 kB | 16 kBProgress (4): 328/810 kB | 162/182 kB | 63/334 kB | 16 kBProgress (5): 328/810 kB | 162/182 kB | 63/334 kB | 16 kB | 2.7/151 kBProgress (5): 328/810 kB | 165/182 kB | 63/334 kB | 16 kB | 2.7/151 kBProgress (5): 328/810 kB | 165/182 kB | 63/334 kB | 16 kB | 5.5/151 kBProgress (5): 328/810 kB | 165/182 kB | 63/334 kB | 16 kB | 8.2/151 kBProgress (5): 328/810 kB | 165/182 kB | 63/334 kB | 16 kB | 11/151 kB Progress (5): 328/810 kB | 165/182 kB | 63/334 kB | 16 kB | 14/151 kBProgress (5): 332/810 kB | 165/182 kB | 63/334 kB | 16 kB | 14/151 kBProgress (5): 336/810 kB | 165/182 kB | 63/334 kB | 16 kB | 14/151 kBProgress (5): 340/810 kB | 165/182 kB | 63/334 kB | 16 kB | 14/151 kBProgress (5): 344/810 kB | 165/182 kB | 63/334 kB | 16 kB | 14/151 kBProgress (5): 344/810 kB | 167/182 kB | 63/334 kB | 16 kB | 14/151 kBProgress (5): 344/810 kB | 167/182 kB | 63/334 kB | 16 kB | 16/151 kBProgress (5): 344/810 kB | 167/182 kB | 66/334 kB | 16 kB | 16/151 kBProgress (5): 344/810 kB | 167/182 kB | 66/334 kB | 16 kB | 19/151 kBProgress (5): 344/810 kB | 170/182 kB | 66/334 kB | 16 kB | 19/151 kBProgress (5): 344/810 kB | 170/182 kB | 66/334 kB | 16 kB | 22/151 kBProgress (5): 348/810 kB | 170/182 kB | 66/334 kB | 16 kB | 22/151 kBProgress (5): 348/810 kB | 173/182 kB | 66/334 kB | 16 kB | 22/151 kBProgress (5): 348/810 kB | 173/182 kB | 66/334 kB | 16 kB | 25/151 kBProgress (5): 348/810 kB | 173/182 kB | 69/334 kB | 16 kB | 25/151 kBProgress (5): 348/810 kB | 173/182 kB | 71/334 kB | 16 kB | 25/151 kBProgress (5): 348/810 kB | 173/182 kB | 74/334 kB | 16 kB | 25/151 kBProgress (5): 348/810 kB | 173/182 kB | 77/334 kB | 16 kB | 25/151 kBProgress (5): 348/810 kB | 173/182 kB | 80/334 kB | 16 kB | 25/151 kBProgress (5): 348/810 kB | 173/182 kB | 82/334 kB | 16 kB | 25/151 kBProgress (5): 348/810 kB | 175/182 kB | 82/334 kB | 16 kB | 25/151 kBProgress (5): 352/810 kB | 175/182 kB | 82/334 kB | 16 kB | 25/151 kB                                                                     Downloaded from central: https://repo.maven.apache.org/maven2/org/seleniumhq/selenium/selenium-safari-driver/3.141.59/selenium-safari-driver-3.141.59.jar (16 kB at 38 kB/s)
Downloading from central: https://repo.maven.apache.org/maven2/org/apache/commons/commons-exec/1.3/commons-exec-1.3.jar
Progress (4): 352/810 kB | 175/182 kB | 82/334 kB | 27/151 kBProgress (4): 352/810 kB | 175/182 kB | 85/334 kB | 27/151 kBProgress (4): 352/810 kB | 178/182 kB | 85/334 kB | 27/151 kBProgress (4): 356/810 kB | 178/182 kB | 85/334 kB | 27/151 kBProgress (4): 356/810 kB | 181/182 kB | 85/334 kB | 27/151 kBProgress (4): 356/810 kB | 182 kB | 85/334 kB | 27/151 kB    Progress (4): 360/810 kB | 182 kB | 85/334 kB | 27/151 kBProgress (4): 365/810 kB | 182 kB | 85/334 kB | 27/151 kBProgress (4): 369/810 kB | 182 kB | 85/334 kB | 27/151 kBProgress (4): 369/810 kB | 182 kB | 88/334 kB | 27/151 kBProgress (4): 373/810 kB | 182 kB | 88/334 kB | 27/151 kBProgress (4): 373/810 kB | 182 kB | 90/334 kB | 27/151 kBProgress (4): 373/810 kB | 182 kB | 93/334 kB | 27/151 kBProgress (4): 377/810 kB | 182 kB | 93/334 kB | 27/151 kBProgress (4): 377/810 kB | 182 kB | 96/334 kB | 27/151 kBProgress (4): 377/810 kB | 182 kB | 99/334 kB | 27/151 kBProgress (4): 381/810 kB | 182 kB | 99/334 kB | 27/151 kBProgress (4): 381/810 kB | 182 kB | 101/334 kB | 27/151 kBProgress (4): 381/810 kB | 182 kB | 104/334 kB | 27/151 kBProgress (4): 381/810 kB | 182 kB | 107/334 kB | 27/151 kBProgress (4): 381/810 kB | 182 kB | 107/334 kB | 30/151 kBProgress (4): 381/810 kB | 182 kB | 107/334 kB | 33/151 kBProgress (4): 385/810 kB | 182 kB | 107/334 kB | 33/151 kBProgress (4): 389/810 kB | 182 kB | 107/334 kB | 33/151 kBProgress (4): 393/810 kB | 182 kB | 107/334 kB | 33/151 kBProgress (4): 397/810 kB | 182 kB | 107/334 kB | 33/151 kBProgress (4): 401/810 kB | 182 kB | 107/334 kB | 33/151 kBProgress (4): 406/810 kB | 182 kB | 107/334 kB | 33/151 kBProgress (4): 406/810 kB | 182 kB | 107/334 kB | 36/151 kBProgress (4): 406/810 kB | 182 kB | 107/334 kB | 38/151 kBProgress (4): 406/810 kB | 182 kB | 107/334 kB | 41/151 kBProgress (4): 406/810 kB | 182 kB | 107/334 kB | 44/151 kBProgress (4): 406/810 kB | 182 kB | 107/334 kB | 47/151 kBProgress (4): 410/810 kB | 182 kB | 107/334 kB | 47/151 kBProgress (4): 410/810 kB | 182 kB | 110/334 kB | 47/151 kBProgress (4): 410/810 kB | 182 kB | 112/334 kB | 47/151 kBProgress (4): 414/810 kB | 182 kB | 112/334 kB | 47/151 kBProgress (4): 418/810 kB | 182 kB | 112/334 kB | 47/151 kBProgress (4): 422/810 kB | 182 kB | 112/334 kB | 47/151 kBProgress (4): 422/810 kB | 182 kB | 115/334 kB | 47/151 kBProgress (4): 422/810 kB | 182 kB | 118/334 kB | 47/151 kBProgress (4): 422/810 kB | 182 kB | 121/334 kB | 47/151 kBProgress (4): 426/810 kB | 182 kB | 121/334 kB | 47/151 kBProgress (4): 430/810 kB | 182 kB | 121/334 kB | 47/151 kBProgress (4): 434/810 kB | 182 kB | 121/334 kB | 47/151 kBProgress (4): 438/810 kB | 182 kB | 121/334 kB | 47/151 kBProgress (4): 438/810 kB | 182 kB | 123/334 kB | 47/151 kBProgress (5): 438/810 kB | 182 kB | 123/334 kB | 47/151 kB | 2.7/54 kBProgress (5): 438/810 kB | 182 kB | 126/334 kB | 47/151 kB | 2.7/54 kBProgress (5): 438/810 kB | 182 kB | 129/334 kB | 47/151 kB | 2.7/54 kBProgress (5): 438/810 kB | 182 kB | 132/334 kB | 47/151 kB | 2.7/54 kBProgress (5): 438/810 kB | 182 kB | 134/334 kB | 47/151 kB | 2.7/54 kBProgress (5): 438/810 kB | 182 kB | 137/334 kB | 47/151 kB | 2.7/54 kBProgress (5): 438/810 kB | 182 kB | 137/334 kB | 49/151 kB | 2.7/54 kB                                                                      Downloaded from central: https://repo.maven.apache.org/maven2/org/seleniumhq/selenium/selenium-api/3.141.59/selenium-api-3.141.59.jar (182 kB at 375 kB/s)
Downloading from central: https://repo.maven.apache.org/maven2/com/google/guava/guava/25.0-jre/guava-25.0-jre.jar
Progress (4): 438/810 kB | 137/334 kB | 52/151 kB | 2.7/54 kBProgress (4): 438/810 kB | 137/334 kB | 55/151 kB | 2.7/54 kBProgress (4): 438/810 kB | 137/334 kB | 58/151 kB | 2.7/54 kBProgress (4): 438/810 kB | 137/334 kB | 60/151 kB | 2.7/54 kBProgress (4): 438/810 kB | 140/334 kB | 60/151 kB | 2.7/54 kBProgress (4): 442/810 kB | 140/334 kB | 60/151 kB | 2.7/54 kBProgress (4): 442/810 kB | 140/334 kB | 60/151 kB | 5.5/54 kBProgress (4): 446/810 kB | 140/334 kB | 60/151 kB | 5.5/54 kBProgress (4): 451/810 kB | 140/334 kB | 60/151 kB | 5.5/54 kBProgress (4): 455/810 kB | 140/334 kB | 60/151 kB | 5.5/54 kBProgress (4): 459/810 kB | 140/334 kB | 60/151 kB | 5.5/54 kBProgress (4): 459/810 kB | 140/334 kB | 63/151 kB | 5.5/54 kBProgress (4): 459/810 kB | 140/334 kB | 66/151 kB | 5.5/54 kBProgress (4): 459/810 kB | 143/334 kB | 66/151 kB | 5.5/54 kBProgress (4): 459/810 kB | 143/334 kB | 66/151 kB | 8.2/54 kBProgress (4): 459/810 kB | 143/334 kB | 66/151 kB | 11/54 kB Progress (4): 459/810 kB | 145/334 kB | 66/151 kB | 11/54 kBProgress (4): 459/810 kB | 145/334 kB | 66/151 kB | 14/54 kBProgress (4): 459/810 kB | 145/334 kB | 66/151 kB | 16/54 kBProgress (4): 463/810 kB | 145/334 kB | 66/151 kB | 16/54 kBProgress (4): 467/810 kB | 145/334 kB | 66/151 kB | 16/54 kBProgress (4): 471/810 kB | 145/334 kB | 66/151 kB | 16/54 kBProgress (4): 475/810 kB | 145/334 kB | 66/151 kB | 16/54 kBProgress (4): 475/810 kB | 148/334 kB | 66/151 kB | 16/54 kBProgress (4): 475/810 kB | 151/334 kB | 66/151 kB | 16/54 kBProgress (4): 475/810 kB | 154/334 kB | 66/151 kB | 16/54 kBProgress (4): 475/810 kB | 154/334 kB | 69/151 kB | 16/54 kBProgress (4): 475/810 kB | 154/334 kB | 69/151 kB | 19/54 kBProgress (4): 475/810 kB | 154/334 kB | 71/151 kB | 19/54 kBProgress (4): 475/810 kB | 154/334 kB | 71/151 kB | 22/54 kBProgress (4): 475/810 kB | 154/334 kB | 74/151 kB | 22/54 kBProgress (4): 475/810 kB | 154/334 kB | 74/151 kB | 25/54 kBProgress (4): 475/810 kB | 154/334 kB | 77/151 kB | 25/54 kBProgress (4): 475/810 kB | 154/334 kB | 77/151 kB | 27/54 kBProgress (4): 475/810 kB | 154/334 kB | 80/151 kB | 27/54 kBProgress (4): 475/810 kB | 154/334 kB | 80/151 kB | 30/54 kBProgress (4): 475/810 kB | 156/334 kB | 80/151 kB | 30/54 kBProgress (5): 475/810 kB | 156/334 kB | 80/151 kB | 30/54 kB | 0/2.7 MBProgress (5): 479/810 kB | 156/334 kB | 80/151 kB | 30/54 kB | 0/2.7 MBProgress (5): 483/810 kB | 156/334 kB | 80/151 kB | 30/54 kB | 0/2.7 MBProgress (5): 487/810 kB | 156/334 kB | 80/151 kB | 30/54 kB | 0/2.7 MBProgress (5): 492/810 kB | 156/334 kB | 80/151 kB | 30/54 kB | 0/2.7 MBProgress (5): 492/810 kB | 156/334 kB | 82/151 kB | 30/54 kB | 0/2.7 MBProgress (5): 492/810 kB | 156/334 kB | 82/151 kB | 33/54 kB | 0/2.7 MBProgress (5): 492/810 kB | 156/334 kB | 82/151 kB | 33/54 kB | 0/2.7 MBProgress (5): 492/810 kB | 156/334 kB | 82/151 kB | 36/54 kB | 0/2.7 MBProgress (5): 492/810 kB | 159/334 kB | 82/151 kB | 36/54 kB | 0/2.7 MBProgress (5): 492/810 kB | 159/334 kB | 82/151 kB | 38/54 kB | 0/2.7 MBProgress (5): 492/810 kB | 162/334 kB | 82/151 kB | 38/54 kB | 0/2.7 MBProgress (5): 492/810 kB | 162/334 kB | 82/151 kB | 41/54 kB | 0/2.7 MBProgress (5): 492/810 kB | 162/334 kB | 85/151 kB | 41/54 kB | 0/2.7 MBProgress (5): 492/810 kB | 162/334 kB | 85/151 kB | 44/54 kB | 0/2.7 MBProgress (5): 492/810 kB | 162/334 kB | 85/151 kB | 44/54 kB | 0/2.7 MBProgress (5): 492/810 kB | 162/334 kB | 85/151 kB | 47/54 kB | 0/2.7 MBProgress (5): 496/810 kB | 162/334 kB | 85/151 kB | 47/54 kB | 0/2.7 MBProgress (5): 500/810 kB | 162/334 kB | 85/151 kB | 47/54 kB | 0/2.7 MBProgress (5): 500/810 kB | 162/334 kB | 88/151 kB | 47/54 kB | 0/2.7 MBProgress (5): 500/810 kB | 162/334 kB | 88/151 kB | 47/54 kB | 0/2.7 MBProgress (5): 500/810 kB | 165/334 kB | 88/151 kB | 47/54 kB | 0/2.7 MBProgress (5): 500/810 kB | 165/334 kB | 88/151 kB | 49/54 kB | 0/2.7 MBProgress (5): 500/810 kB | 167/334 kB | 88/151 kB | 49/54 kB | 0/2.7 MBProgress (5): 500/810 kB | 170/334 kB | 88/151 kB | 49/54 kB | 0/2.7 MBProgress (5): 500/810 kB | 173/334 kB | 88/151 kB | 49/54 kB | 0/2.7 MBProgress (5): 500/810 kB | 173/334 kB | 90/151 kB | 49/54 kB | 0/2.7 MBProgress (5): 504/810 kB | 173/334 kB | 90/151 kB | 49/54 kB | 0/2.7 MBProgress (5): 504/810 kB | 173/334 kB | 93/151 kB | 49/54 kB | 0/2.7 MBProgress (5): 508/810 kB | 173/334 kB | 93/151 kB | 49/54 kB | 0/2.7 MBProgress (5): 512/810 kB | 173/334 kB | 93/151 kB | 49/54 kB | 0/2.7 MBProgress (5): 512/810 kB | 173/334 kB | 93/151 kB | 49/54 kB | 0.1/2.7 MBProgress (5): 512/810 kB | 173/334 kB | 93/151 kB | 52/54 kB | 0.1/2.7 MBProgress (5): 512/810 kB | 173/334 kB | 96/151 kB | 52/54 kB | 0.1/2.7 MBProgress (5): 516/810 kB | 173/334 kB | 96/151 kB | 52/54 kB | 0.1/2.7 MBProgress (5): 520/810 kB | 173/334 kB | 96/151 kB | 52/54 kB | 0.1/2.7 MBProgress (5): 520/810 kB | 173/334 kB | 99/151 kB | 52/54 kB | 0.1/2.7 MBProgress (5): 520/810 kB | 173/334 kB | 101/151 kB | 52/54 kB | 0.1/2.7 MBProgress (5): 520/810 kB | 175/334 kB | 101/151 kB | 52/54 kB | 0.1/2.7 MBProgress (5): 520/810 kB | 178/334 kB | 101/151 kB | 52/54 kB | 0.1/2.7 MBProgress (5): 520/810 kB | 181/334 kB | 101/151 kB | 52/54 kB | 0.1/2.7 MBProgress (5): 520/810 kB | 184/334 kB | 101/151 kB | 52/54 kB | 0.1/2.7 MBProgress (5): 520/810 kB | 184/334 kB | 101/151 kB | 54 kB | 0.1/2.7 MB   Progress (5): 520/810 kB | 184/334 kB | 101/151 kB | 54 kB | 0.1/2.7 MBProgress (5): 524/810 kB | 184/334 kB | 101/151 kB | 54 kB | 0.1/2.7 MBProgress (5): 528/810 kB | 184/334 kB | 101/151 kB | 54 kB | 0.1/2.7 MBProgress (5): 528/810 kB | 186/334 kB | 101/151 kB | 54 kB | 0.1/2.7 MBProgress (5): 528/810 kB | 186/334 kB | 101/151 kB | 54 kB | 0.1/2.7 MBProgress (5): 532/810 kB | 186/334 kB | 101/151 kB | 54 kB | 0.1/2.7 MBProgress (5): 537/810 kB | 186/334 kB | 101/151 kB | 54 kB | 0.1/2.7 MBProgress (5): 537/810 kB | 186/334 kB | 104/151 kB | 54 kB | 0.1/2.7 MBProgress (5): 537/810 kB | 186/334 kB | 104/151 kB | 54 kB | 0.1/2.7 MBProgress (5): 537/810 kB | 189/334 kB | 104/151 kB | 54 kB | 0.1/2.7 MBProgress (5): 541/810 kB | 189/334 kB | 104/151 kB | 54 kB | 0.1/2.7 MBProgress (5): 545/810 kB | 189/334 kB | 104/151 kB | 54 kB | 0.1/2.7 MBProgress (5): 549/810 kB | 189/334 kB | 104/151 kB | 54 kB | 0.1/2.7 MBProgress (5): 553/810 kB | 189/334 kB | 104/151 kB | 54 kB | 0.1/2.7 MBProgress (5): 553/810 kB | 192/334 kB | 104/151 kB | 54 kB | 0.1/2.7 MBProgress (5): 553/810 kB | 195/334 kB | 104/151 kB | 54 kB | 0.1/2.7 MBProgress (5): 553/810 kB | 197/334 kB | 104/151 kB | 54 kB | 0.1/2.7 MBProgress (5): 553/810 kB | 200/334 kB | 104/151 kB | 54 kB | 0.1/2.7 MBProgress (5): 553/810 kB | 203/334 kB | 104/151 kB | 54 kB | 0.1/2.7 MBProgress (5): 553/810 kB | 203/334 kB | 104/151 kB | 54 kB | 0.1/2.7 MBProgress (5): 557/810 kB | 203/334 kB | 104/151 kB | 54 kB | 0.1/2.7 MBProgress (5): 557/810 kB | 203/334 kB | 107/151 kB | 54 kB | 0.1/2.7 MBProgress (5): 561/810 kB | 203/334 kB | 107/151 kB | 54 kB | 0.1/2.7 MBProgress (5): 561/810 kB | 203/334 kB | 110/151 kB | 54 kB | 0.1/2.7 MBProgress (5): 561/810 kB | 203/334 kB | 112/151 kB | 54 kB | 0.1/2.7 MBProgress (5): 565/810 kB | 203/334 kB | 112/151 kB | 54 kB | 0.1/2.7 MBProgress (5): 569/810 kB | 203/334 kB | 112/151 kB | 54 kB | 0.1/2.7 MBProgress (5): 569/810 kB | 206/334 kB | 112/151 kB | 54 kB | 0.1/2.7 MBProgress (5): 569/810 kB | 206/334 kB | 115/151 kB | 54 kB | 0.1/2.7 MBProgress (5): 573/810 kB | 206/334 kB | 115/151 kB | 54 kB | 0.1/2.7 MBProgress (5): 578/810 kB | 206/334 kB | 115/151 kB | 54 kB | 0.1/2.7 MBProgress (5): 582/810 kB | 206/334 kB | 115/151 kB | 54 kB | 0.1/2.7 MBProgress (5): 586/810 kB | 206/334 kB | 115/151 kB | 54 kB | 0.1/2.7 MBProgress (5): 586/810 kB | 206/334 kB | 115/151 kB | 54 kB | 0.1/2.7 MBProgress (5): 586/810 kB | 206/334 kB | 118/151 kB | 54 kB | 0.1/2.7 MBProgress (5): 590/810 kB | 206/334 kB | 118/151 kB | 54 kB | 0.1/2.7 MBProgress (5): 590/810 kB | 206/334 kB | 121/151 kB | 54 kB | 0.1/2.7 MBProgress (5): 594/810 kB | 206/334 kB | 121/151 kB | 54 kB | 0.1/2.7 MBProgress (5): 598/810 kB | 206/334 kB | 121/151 kB | 54 kB | 0.1/2.7 MBProgress (5): 602/810 kB | 206/334 kB | 121/151 kB | 54 kB | 0.1/2.7 MBProgress (5): 602/810 kB | 208/334 kB | 121/151 kB | 54 kB | 0.1/2.7 MBProgress (5): 602/810 kB | 208/334 kB | 121/151 kB | 54 kB | 0.1/2.7 MBProgress (5): 602/810 kB | 208/334 kB | 123/151 kB | 54 kB | 0.1/2.7 MBProgress (5): 602/810 kB | 208/334 kB | 126/151 kB | 54 kB | 0.1/2.7 MBProgress (5): 602/810 kB | 208/334 kB | 129/151 kB | 54 kB | 0.1/2.7 MBProgress (5): 602/810 kB | 208/334 kB | 132/151 kB | 54 kB | 0.1/2.7 MBProgress (5): 602/810 kB | 211/334 kB | 132/151 kB | 54 kB | 0.1/2.7 MBProgress (5): 602/810 kB | 214/334 kB | 132/151 kB | 54 kB | 0.1/2.7 MBProgress (5): 602/810 kB | 217/334 kB | 132/151 kB | 54 kB | 0.1/2.7 MBProgress (5): 606/810 kB | 217/334 kB | 132/151 kB | 54 kB | 0.1/2.7 MBProgress (5): 610/810 kB | 217/334 kB | 132/151 kB | 54 kB | 0.1/2.7 MBProgress (5): 614/810 kB | 217/334 kB | 132/151 kB | 54 kB | 0.1/2.7 MBProgress (5): 618/810 kB | 217/334 kB | 132/151 kB | 54 kB | 0.1/2.7 MBProgress (5): 618/810 kB | 219/334 kB | 132/151 kB | 54 kB | 0.1/2.7 MBProgress (5): 618/810 kB | 222/334 kB | 132/151 kB | 54 kB | 0.1/2.7 MBProgress (5): 618/810 kB | 225/334 kB | 132/151 kB | 54 kB | 0.1/2.7 MBProgress (5): 618/810 kB | 225/334 kB | 134/151 kB | 54 kB | 0.1/2.7 MBProgress (5): 623/810 kB | 225/334 kB | 134/151 kB | 54 kB | 0.1/2.7 MBProgress (5): 623/810 kB | 225/334 kB | 134/151 kB | 54 kB | 0.1/2.7 MBProgress (5): 627/810 kB | 225/334 kB | 134/151 kB | 54 kB | 0.1/2.7 MBProgress (5): 631/810 kB | 225/334 kB | 134/151 kB | 54 kB | 0.1/2.7 MBProgress (5): 635/810 kB | 225/334 kB | 134/151 kB | 54 kB | 0.1/2.7 MBProgress (5): 635/810 kB | 228/334 kB | 134/151 kB | 54 kB | 0.1/2.7 MBProgress (5): 635/810 kB | 228/334 kB | 134/151 kB | 54 kB | 0.2/2.7 MBProgress (5): 635/810 kB | 228/334 kB | 137/151 kB | 54 kB | 0.2/2.7 MBProgress (5): 635/810 kB | 230/334 kB | 137/151 kB | 54 kB | 0.2/2.7 MBProgress (5): 639/810 kB | 230/334 kB | 137/151 kB | 54 kB | 0.2/2.7 MBProgress (5): 639/810 kB | 230/334 kB | 140/151 kB | 54 kB | 0.2/2.7 MBProgress (5): 639/810 kB | 230/334 kB | 140/151 kB | 54 kB | 0.2/2.7 MB                                                                       Downloaded from central: https://repo.maven.apache.org/maven2/org/apache/commons/commons-exec/1.3/commons-exec-1.3.jar (54 kB at 89 kB/s)
Progress (4): 639/810 kB | 230/334 kB | 143/151 kB | 0.2/2.7 MBProgress (4): 639/810 kB | 230/334 kB | 145/151 kB | 0.2/2.7 MBProgress (4): 639/810 kB | 233/334 kB | 145/151 kB | 0.2/2.7 MBProgress (4): 643/810 kB | 233/334 kB | 145/151 kB | 0.2/2.7 MBProgress (4): 643/810 kB | 233/334 kB | 145/151 kB | 0.2/2.7 MB                                                               Downloading from central: https://repo.maven.apache.org/maven2/com/google/code/findbugs/jsr305/1.3.9/jsr305-1.3.9.jar
Progress (4): 643/810 kB | 236/334 kB | 145/151 kB | 0.2/2.7 MBProgress (4): 643/810 kB | 236/334 kB | 145/151 kB | 0.2/2.7 MBProgress (4): 647/810 kB | 236/334 kB | 145/151 kB | 0.2/2.7 MBProgress (4): 651/810 kB | 236/334 kB | 145/151 kB | 0.2/2.7 MBProgress (4): 651/810 kB | 236/334 kB | 148/151 kB | 0.2/2.7 MBProgress (4): 651/810 kB | 236/334 kB | 151/151 kB | 0.2/2.7 MBProgress (4): 651/810 kB | 236/334 kB | 151 kB | 0.2/2.7 MB    Progress (4): 651/810 kB | 239/334 kB | 151 kB | 0.2/2.7 MBProgress (4): 651/810 kB | 239/334 kB | 151 kB | 0.2/2.7 MBProgress (4): 655/810 kB | 239/334 kB | 151 kB | 0.2/2.7 MBProgress (4): 659/810 kB | 239/334 kB | 151 kB | 0.2/2.7 MBProgress (4): 664/810 kB | 239/334 kB | 151 kB | 0.2/2.7 MBProgress (4): 664/810 kB | 241/334 kB | 151 kB | 0.2/2.7 MBProgress (4): 664/810 kB | 241/334 kB | 151 kB | 0.2/2.7 MBProgress (4): 668/810 kB | 241/334 kB | 151 kB | 0.2/2.7 MBProgress (4): 668/810 kB | 244/334 kB | 151 kB | 0.2/2.7 MBProgress (4): 668/810 kB | 244/334 kB | 151 kB | 0.2/2.7 MBProgress (4): 672/810 kB | 244/334 kB | 151 kB | 0.2/2.7 MBProgress (4): 676/810 kB | 244/334 kB | 151 kB | 0.2/2.7 MBProgress (4): 680/810 kB | 244/334 kB | 151 kB | 0.2/2.7 MBProgress (4): 684/810 kB | 244/334 kB | 151 kB | 0.2/2.7 MBProgress (4): 684/810 kB | 247/334 kB | 151 kB | 0.2/2.7 MBProgress (4): 684/810 kB | 247/334 kB | 151 kB | 0.2/2.7 MBProgress (4): 688/810 kB | 247/334 kB | 151 kB | 0.2/2.7 MBProgress (4): 692/810 kB | 247/334 kB | 151 kB | 0.2/2.7 MBProgress (4): 696/810 kB | 247/334 kB | 151 kB | 0.2/2.7 MBProgress (4): 700/810 kB | 247/334 kB | 151 kB | 0.2/2.7 MBProgress (4): 700/810 kB | 250/334 kB | 151 kB | 0.2/2.7 MBProgress (4): 700/810 kB | 252/334 kB | 151 kB | 0.2/2.7 MBProgress (4): 700/810 kB | 255/334 kB | 151 kB | 0.2/2.7 MBProgress (4): 700/810 kB | 258/334 kB | 151 kB | 0.2/2.7 MBProgress (4): 700/810 kB | 260/334 kB | 151 kB | 0.2/2.7 MBProgress (4): 705/810 kB | 260/334 kB | 151 kB | 0.2/2.7 MBProgress (4): 705/810 kB | 263/334 kB | 151 kB | 0.2/2.7 MBProgress (4): 705/810 kB | 263/334 kB | 151 kB | 0.3/2.7 MBProgress (4): 709/810 kB | 263/334 kB | 151 kB | 0.3/2.7 MBProgress (4): 713/810 kB | 263/334 kB | 151 kB | 0.3/2.7 MBProgress (4): 717/810 kB | 263/334 kB | 151 kB | 0.3/2.7 MBProgress (4): 717/810 kB | 266/334 kB | 151 kB | 0.3/2.7 MBProgress (4): 717/810 kB | 266/334 kB | 151 kB | 0.3/2.7 MBProgress (4): 721/810 kB | 266/334 kB | 151 kB | 0.3/2.7 MBProgress (4): 725/810 kB | 266/334 kB | 151 kB | 0.3/2.7 MBProgress (4): 725/810 kB | 269/334 kB | 151 kB | 0.3/2.7 MBProgress (5): 725/810 kB | 269/334 kB | 151 kB | 0.3/2.7 MB | 2.7/33 kBProgress (5): 725/810 kB | 271/334 kB | 151 kB | 0.3/2.7 MB | 2.7/33 kBProgress (5): 729/810 kB | 271/334 kB | 151 kB | 0.3/2.7 MB | 2.7/33 kBProgress (5): 729/810 kB | 271/334 kB | 151 kB | 0.3/2.7 MB | 2.7/33 kBProgress (5): 733/810 kB | 271/334 kB | 151 kB | 0.3/2.7 MB | 2.7/33 kBProgress (5): 733/810 kB | 271/334 kB | 151 kB | 0.3/2.7 MB | 2.7/33 kBProgress (5): 733/810 kB | 271/334 kB | 151 kB | 0.3/2.7 MB | 5.5/33 kBProgress (5): 733/810 kB | 271/334 kB | 151 kB | 0.3/2.7 MB | 8.2/33 kBProgress (5): 733/810 kB | 271/334 kB | 151 kB | 0.3/2.7 MB | 11/33 kB Progress (5): 733/810 kB | 271/334 kB | 151 kB | 0.3/2.7 MB | 11/33 kBProgress (5): 733/810 kB | 271/334 kB | 151 kB | 0.3/2.7 MB | 14/33 kBProgress (5): 733/810 kB | 271/334 kB | 151 kB | 0.3/2.7 MB | 16/33 kBProgress (5): 733/810 kB | 271/334 kB | 151 kB | 0.3/2.7 MB | 19/33 kBProgress (5): 733/810 kB | 271/334 kB | 151 kB | 0.3/2.7 MB | 22/33 kBProgress (5): 733/810 kB | 271/334 kB | 151 kB | 0.3/2.7 MB | 25/33 kBProgress (5): 733/810 kB | 271/334 kB | 151 kB | 0.3/2.7 MB | 27/33 kBProgress (5): 733/810 kB | 271/334 kB | 151 kB | 0.3/2.7 MB | 30/33 kBProgress (5): 733/810 kB | 271/334 kB | 151 kB | 0.3/2.7 MB | 33/33 kBProgress (5): 733/810 kB | 271/334 kB | 151 kB | 0.3/2.7 MB | 33 kB   Progress (5): 737/810 kB | 271/334 kB | 151 kB | 0.3/2.7 MB | 33 kBProgress (5): 741/810 kB | 271/334 kB | 151 kB | 0.3/2.7 MB | 33 kBProgress (5): 745/810 kB | 271/334 kB | 151 kB | 0.3/2.7 MB | 33 kBProgress (5): 750/810 kB | 271/334 kB | 151 kB | 0.3/2.7 MB | 33 kBProgress (5): 750/810 kB | 274/334 kB | 151 kB | 0.3/2.7 MB | 33 kBProgress (5): 750/810 kB | 277/334 kB | 151 kB | 0.3/2.7 MB | 33 kBProgress (5): 750/810 kB | 280/334 kB | 151 kB | 0.3/2.7 MB | 33 kBProgress (5): 750/810 kB | 282/334 kB | 151 kB | 0.3/2.7 MB | 33 kBProgress (5): 750/810 kB | 285/334 kB | 151 kB | 0.3/2.7 MB | 33 kBProgress (5): 750/810 kB | 288/334 kB | 151 kB | 0.3/2.7 MB | 33 kBProgress (5): 750/810 kB | 291/334 kB | 151 kB | 0.3/2.7 MB | 33 kBProgress (5): 750/810 kB | 293/334 kB | 151 kB | 0.3/2.7 MB | 33 kBProgress (5): 750/810 kB | 296/334 kB | 151 kB | 0.3/2.7 MB | 33 kBProgress (5): 754/810 kB | 296/334 kB | 151 kB | 0.3/2.7 MB | 33 kBProgress (5): 758/810 kB | 296/334 kB | 151 kB | 0.3/2.7 MB | 33 kBProgress (5): 762/810 kB | 296/334 kB | 151 kB | 0.3/2.7 MB | 33 kBProgress (5): 766/810 kB | 296/334 kB | 151 kB | 0.3/2.7 MB | 33 kBProgress (5): 770/810 kB | 296/334 kB | 151 kB | 0.3/2.7 MB | 33 kBProgress (5): 774/810 kB | 296/334 kB | 151 kB | 0.3/2.7 MB | 33 kBProgress (5): 778/810 kB | 296/334 kB | 151 kB | 0.3/2.7 MB | 33 kBProgress (5): 782/810 kB | 296/334 kB | 151 kB | 0.3/2.7 MB | 33 kBProgress (5): 786/810 kB | 296/334 kB | 151 kB | 0.3/2.7 MB | 33 kBProgress (5): 791/810 kB | 296/334 kB | 151 kB | 0.3/2.7 MB | 33 kBProgress (5): 795/810 kB | 296/334 kB | 151 kB | 0.3/2.7 MB | 33 kBProgress (5): 799/810 kB | 296/334 kB | 151 kB | 0.3/2.7 MB | 33 kBProgress (5): 803/810 kB | 296/334 kB | 151 kB | 0.3/2.7 MB | 33 kBProgress (5): 807/810 kB | 296/334 kB | 151 kB | 0.3/2.7 MB | 33 kBProgress (5): 810 kB | 296/334 kB | 151 kB | 0.3/2.7 MB | 33 kB    Progress (5): 810 kB | 299/334 kB | 151 kB | 0.3/2.7 MB | 33 kBProgress (5): 810 kB | 302/334 kB | 151 kB | 0.3/2.7 MB | 33 kBProgress (5): 810 kB | 304/334 kB | 151 kB | 0.3/2.7 MB | 33 kBProgress (5): 810 kB | 304/334 kB | 151 kB | 0.3/2.7 MB | 33 kBProgress (5): 810 kB | 307/334 kB | 151 kB | 0.3/2.7 MB | 33 kBProgress (5): 810 kB | 310/334 kB | 151 kB | 0.3/2.7 MB | 33 kBProgress (5): 810 kB | 313/334 kB | 151 kB | 0.3/2.7 MB | 33 kBProgress (5): 810 kB | 313/334 kB | 151 kB | 0.3/2.7 MB | 33 kBProgress (5): 810 kB | 315/334 kB | 151 kB | 0.3/2.7 MB | 33 kBProgress (5): 810 kB | 318/334 kB | 151 kB | 0.3/2.7 MB | 33 kBProgress (5): 810 kB | 321/334 kB | 151 kB | 0.3/2.7 MB | 33 kBProgress (5): 810 kB | 324/334 kB | 151 kB | 0.3/2.7 MB | 33 kBProgress (5): 810 kB | 326/334 kB | 151 kB | 0.3/2.7 MB | 33 kBProgress (5): 810 kB | 329/334 kB | 151 kB | 0.3/2.7 MB | 33 kBProgress (5): 810 kB | 329/334 kB | 151 kB | 0.3/2.7 MB | 33 kBProgress (5): 810 kB | 332/334 kB | 151 kB | 0.3/2.7 MB | 33 kB                                                               Downloaded from central: https://repo.maven.apache.org/maven2/org/seleniumhq/selenium/selenium-support/3.141.59/selenium-support-3.141.59.jar (151 kB at 214 kB/s)
Downloading from central: https://repo.maven.apache.org/maven2/org/checkerframework/checker-compat-qual/2.0.0/checker-compat-qual-2.0.0.jar
Downloaded from central: https://repo.maven.apache.org/maven2/com/google/code/findbugs/jsr305/1.3.9/jsr305-1.3.9.jar (33 kB at 46 kB/s)
Downloading from central: https://repo.maven.apache.org/maven2/com/google/errorprone/error_prone_annotations/2.1.3/error_prone_annotations-2.1.3.jar
Progress (3): 810 kB | 332/334 kB | 0.4/2.7 MBProgress (3): 810 kB | 334 kB | 0.4/2.7 MB    Progress (3): 810 kB | 334 kB | 0.4/2.7 MBProgress (3): 810 kB | 334 kB | 0.4/2.7 MBProgress (3): 810 kB | 334 kB | 0.4/2.7 MB                                          Downloaded from central: https://repo.maven.apache.org/maven2/org/seleniumhq/selenium/selenium-firefox-driver/3.141.59/selenium-firefox-driver-3.141.59.jar (810 kB at 1.1 MB/s)
Downloading from central: https://repo.maven.apache.org/maven2/com/google/j2objc/j2objc-annotations/1.1/j2objc-annotations-1.1.jar
Progress (2): 334 kB | 0.4/2.7 MBProgress (2): 334 kB | 0.4/2.7 MBProgress (2): 334 kB | 0.4/2.7 MBProgress (2): 334 kB | 0.4/2.7 MBProgress (2): 334 kB | 0.5/2.7 MBProgress (2): 334 kB | 0.5/2.7 MBProgress (2): 334 kB | 0.5/2.7 MBProgress (2): 334 kB | 0.5/2.7 MBProgress (3): 334 kB | 0.5/2.7 MB | 4.1/8.8 kBProgress (3): 334 kB | 0.5/2.7 MB | 8.2/8.8 kBProgress (3): 334 kB | 0.5/2.7 MB | 8.8 kB    Progress (4): 334 kB | 0.5/2.7 MB | 8.8 kB | 2.7/32 kBProgress (4): 334 kB | 0.5/2.7 MB | 8.8 kB | 5.5/32 kBProgress (4): 334 kB | 0.5/2.7 MB | 8.8 kB | 8.2/32 kBProgress (4): 334 kB | 0.5/2.7 MB | 8.8 kB | 11/32 kB Progress (5): 334 kB | 0.5/2.7 MB | 8.8 kB | 11/32 kB | 2.7/14 kBProgress (5): 334 kB | 0.5/2.7 MB | 8.8 kB | 14/32 kB | 2.7/14 kBProgress (5): 334 kB | 0.5/2.7 MB | 8.8 kB | 14/32 kB | 5.5/14 kBProgress (5): 334 kB | 0.5/2.7 MB | 8.8 kB | 16/32 kB | 5.5/14 kBProgress (5): 334 kB | 0.5/2.7 MB | 8.8 kB | 16/32 kB | 8.2/14 kBProgress (5): 334 kB | 0.5/2.7 MB | 8.8 kB | 16/32 kB | 11/14 kB Progress (5): 334 kB | 0.5/2.7 MB | 8.8 kB | 16/32 kB | 14 kB   Progress (5): 334 kB | 0.5/2.7 MB | 8.8 kB | 19/32 kB | 14 kB                                                             Downloaded from central: https://repo.maven.apache.org/maven2/org/seleniumhq/selenium/selenium-remote-driver/3.141.59/selenium-remote-driver-3.141.59.jar (334 kB at 416 kB/s)
Downloading from central: https://repo.maven.apache.org/maven2/org/codehaus/mojo/animal-sniffer-annotations/1.14/animal-sniffer-annotations-1.14.jar
Progress (4): 0.5/2.7 MB | 8.8 kB | 19/32 kB | 14 kB                                                    Downloaded from central: https://repo.maven.apache.org/maven2/com/google/j2objc/j2objc-annotations/1.1/j2objc-annotations-1.1.jar (8.8 kB at 11 kB/s)
Downloading from central: https://repo.maven.apache.org/maven2/com/squareup/okhttp3/okhttp/3.14.6/okhttp-3.14.6.jar
Progress (3): 0.5/2.7 MB | 22/32 kB | 14 kBProgress (3): 0.5/2.7 MB | 25/32 kB | 14 kBProgress (3): 0.5/2.7 MB | 27/32 kB | 14 kBProgress (3): 0.5/2.7 MB | 30/32 kB | 14 kBProgress (3): 0.5/2.7 MB | 32 kB | 14 kB   Progress (3): 0.5/2.7 MB | 32 kB | 14 kB                                        Downloaded from central: https://repo.maven.apache.org/maven2/com/google/errorprone/error_prone_annotations/2.1.3/error_prone_annotations-2.1.3.jar (14 kB at 17 kB/s)
Downloading from central: https://repo.maven.apache.org/maven2/com/squareup/okio/okio/1.14.0/okio-1.14.0.jar
Progress (2): 0.5/2.7 MB | 32 kBProgress (2): 0.6/2.7 MB | 32 kBProgress (2): 0.6/2.7 MB | 32 kBProgress (2): 0.6/2.7 MB | 32 kBProgress (2): 0.6/2.7 MB | 32 kBProgress (2): 0.6/2.7 MB | 32 kBProgress (2): 0.6/2.7 MB | 32 kBProgress (2): 0.7/2.7 MB | 32 kBProgress (2): 0.7/2.7 MB | 32 kBProgress (2): 0.7/2.7 MB | 32 kBProgress (2): 0.7/2.7 MB | 32 kBProgress (2): 0.7/2.7 MB | 32 kBProgress (2): 0.7/2.7 MB | 32 kBProgress (3): 0.7/2.7 MB | 32 kB | 3.5 kBProgress (4): 0.7/2.7 MB | 32 kB | 3.5 kB | 4.1/428 kBProgress (4): 0.8/2.7 MB | 32 kB | 3.5 kB | 4.1/428 kBProgress (4): 0.8/2.7 MB | 32 kB | 3.5 kB | 8.2/428 kBProgress (4): 0.8/2.7 MB | 32 kB | 3.5 kB | 12/428 kB Progress (4): 0.8/2.7 MB | 32 kB | 3.5 kB | 16/428 kBProgress (4): 0.8/2.7 MB | 32 kB | 3.5 kB | 20/428 kBProgress (4): 0.8/2.7 MB | 32 kB | 3.5 kB | 25/428 kBProgress (4): 0.8/2.7 MB | 32 kB | 3.5 kB | 29/428 kBProgress (4): 0.8/2.7 MB | 32 kB | 3.5 kB | 33/428 kBProgress (4): 0.8/2.7 MB | 32 kB | 3.5 kB | 37/428 kBProgress (4): 0.8/2.7 MB | 32 kB | 3.5 kB | 37/428 kBProgress (4): 0.8/2.7 MB | 32 kB | 3.5 kB | 37/428 kBProgress (4): 0.8/2.7 MB | 32 kB | 3.5 kB | 41/428 kBProgress (4): 0.8/2.7 MB | 32 kB | 3.5 kB | 45/428 kBProgress (4): 0.8/2.7 MB | 32 kB | 3.5 kB | 49/428 kBProgress (5): 0.8/2.7 MB | 32 kB | 3.5 kB | 49/428 kB | 2.7/86 kBProgress (5): 0.8/2.7 MB | 32 kB | 3.5 kB | 49/428 kB | 5.5/86 kBProgress (5): 0.8/2.7 MB | 32 kB | 3.5 kB | 53/428 kB | 5.5/86 kBProgress (5): 0.8/2.7 MB | 32 kB | 3.5 kB | 53/428 kB | 8.2/86 kBProgress (5): 0.8/2.7 MB | 32 kB | 3.5 kB | 57/428 kB | 8.2/86 kBProgress (5): 0.8/2.7 MB | 32 kB | 3.5 kB | 57/428 kB | 11/86 kB Progress (5): 0.8/2.7 MB | 32 kB | 3.5 kB | 57/428 kB | 14/86 kBProgress (5): 0.8/2.7 MB | 32 kB | 3.5 kB | 61/428 kB | 14/86 kBProgress (5): 0.8/2.7 MB | 32 kB | 3.5 kB | 61/428 kB | 16/86 kBProgress (5): 0.8/2.7 MB | 32 kB | 3.5 kB | 66/428 kB | 16/86 kBProgress (5): 0.8/2.7 MB | 32 kB | 3.5 kB | 66/428 kB | 16/86 kBProgress (5): 0.8/2.7 MB | 32 kB | 3.5 kB | 66/428 kB | 19/86 kBProgress (5): 0.8/2.7 MB | 32 kB | 3.5 kB | 66/428 kB | 22/86 kBProgress (5): 0.8/2.7 MB | 32 kB | 3.5 kB | 70/428 kB | 22/86 kBProgress (5): 0.8/2.7 MB | 32 kB | 3.5 kB | 74/428 kB | 22/86 kBProgress (5): 0.8/2.7 MB | 32 kB | 3.5 kB | 78/428 kB | 22/86 kBProgress (5): 0.8/2.7 MB | 32 kB | 3.5 kB | 82/428 kB | 22/86 kB                                                                Downloaded from central: https://repo.maven.apache.org/maven2/org/checkerframework/checker-compat-qual/2.0.0/checker-compat-qual-2.0.0.jar (32 kB at 35 kB/s)
Progress (4): 0.8/2.7 MB | 3.5 kB | 82/428 kB | 25/86 kBProgress (4): 0.8/2.7 MB | 3.5 kB | 82/428 kB | 27/86 kBProgress (4): 0.8/2.7 MB | 3.5 kB | 82/428 kB | 27/86 kBProgress (4): 0.8/2.7 MB | 3.5 kB | 82/428 kB | 30/86 kBProgress (4): 0.8/2.7 MB | 3.5 kB | 82/428 kB | 33/86 kBProgress (4): 0.8/2.7 MB | 3.5 kB | 82/428 kB | 36/86 kBProgress (4): 0.8/2.7 MB | 3.5 kB | 82/428 kB | 38/86 kBProgress (4): 0.8/2.7 MB | 3.5 kB | 82/428 kB | 41/86 kBProgress (4): 0.8/2.7 MB | 3.5 kB | 82/428 kB | 44/86 kBProgress (4): 0.8/2.7 MB | 3.5 kB | 86/428 kB | 44/86 kBProgress (4): 0.8/2.7 MB | 3.5 kB | 90/428 kB | 44/86 kBProgress (4): 0.8/2.7 MB | 3.5 kB | 94/428 kB | 44/86 kBProgress (4): 0.8/2.7 MB | 3.5 kB | 98/428 kB | 44/86 kBProgress (4): 0.8/2.7 MB | 3.5 kB | 102/428 kB | 44/86 kBProgress (4): 0.8/2.7 MB | 3.5 kB | 106/428 kB | 44/86 kBProgress (4): 0.8/2.7 MB | 3.5 kB | 111/428 kB | 44/86 kBProgress (4): 0.8/2.7 MB | 3.5 kB | 115/428 kB | 44/86 kBProgress (4): 0.8/2.7 MB | 3.5 kB | 115/428 kB | 47/86 kBProgress (4): 0.8/2.7 MB | 3.5 kB | 115/428 kB | 49/86 kBProgress (4): 0.8/2.7 MB | 3.5 kB | 115/428 kB | 52/86 kBProgress (4): 0.8/2.7 MB | 3.5 kB | 115/428 kB | 52/86 kBProgress (4): 0.8/2.7 MB | 3.5 kB | 119/428 kB | 52/86 kBProgress (4): 0.8/2.7 MB | 3.5 kB | 123/428 kB | 52/86 kBProgress (4): 0.8/2.7 MB | 3.5 kB | 123/428 kB | 55/86 kBProgress (4): 0.8/2.7 MB | 3.5 kB | 123/428 kB | 58/86 kBProgress (4): 0.8/2.7 MB | 3.5 kB | 127/428 kB | 58/86 kBProgress (4): 0.8/2.7 MB | 3.5 kB | 127/428 kB | 60/86 kBProgress (4): 0.8/2.7 MB | 3.5 kB | 131/428 kB | 60/86 kBProgress (4): 0.8/2.7 MB | 3.5 kB | 135/428 kB | 60/86 kBProgress (4): 0.8/2.7 MB | 3.5 kB | 135/428 kB | 63/86 kBProgress (4): 0.8/2.7 MB | 3.5 kB | 139/428 kB | 63/86 kBProgress (4): 0.8/2.7 MB | 3.5 kB | 139/428 kB | 66/86 kBProgress (4): 0.8/2.7 MB | 3.5 kB | 143/428 kB | 66/86 kBProgress (4): 0.8/2.7 MB | 3.5 kB | 143/428 kB | 69/86 kBProgress (4): 0.8/2.7 MB | 3.5 kB | 147/428 kB | 69/86 kBProgress (4): 0.9/2.7 MB | 3.5 kB | 147/428 kB | 69/86 kBProgress (4): 0.9/2.7 MB | 3.5 kB | 152/428 kB | 69/86 kBProgress (4): 0.9/2.7 MB | 3.5 kB | 156/428 kB | 69/86 kBProgress (4): 0.9/2.7 MB | 3.5 kB | 160/428 kB | 69/86 kBProgress (4): 0.9/2.7 MB | 3.5 kB | 164/428 kB | 69/86 kBProgress (4): 0.9/2.7 MB | 3.5 kB | 168/428 kB | 69/86 kBProgress (4): 0.9/2.7 MB | 3.5 kB | 172/428 kB | 69/86 kBProgress (4): 0.9/2.7 MB | 3.5 kB | 176/428 kB | 69/86 kBProgress (4): 0.9/2.7 MB | 3.5 kB | 180/428 kB | 69/86 kBProgress (4): 0.9/2.7 MB | 3.5 kB | 180/428 kB | 71/86 kBProgress (4): 0.9/2.7 MB | 3.5 kB | 184/428 kB | 71/86 kBProgress (4): 0.9/2.7 MB | 3.5 kB | 184/428 kB | 74/86 kBProgress (4): 0.9/2.7 MB | 3.5 kB | 188/428 kB | 74/86 kBProgress (4): 0.9/2.7 MB | 3.5 kB | 193/428 kB | 74/86 kBProgress (4): 0.9/2.7 MB | 3.5 kB | 197/428 kB | 74/86 kBProgress (4): 0.9/2.7 MB | 3.5 kB | 197/428 kB | 77/86 kBProgress (4): 0.9/2.7 MB | 3.5 kB | 197/428 kB | 80/86 kBProgress (4): 0.9/2.7 MB | 3.5 kB | 201/428 kB | 80/86 kBProgress (4): 0.9/2.7 MB | 3.5 kB | 205/428 kB | 80/86 kB                                                         Downloaded from central: https://repo.maven.apache.org/maven2/org/codehaus/mojo/animal-sniffer-annotations/1.14/animal-sniffer-annotations-1.14.jar (3.5 kB at 3.6 kB/s)
Progress (3): 0.9/2.7 MB | 205/428 kB | 80/86 kBProgress (3): 0.9/2.7 MB | 205/428 kB | 82/86 kBProgress (3): 0.9/2.7 MB | 205/428 kB | 82/86 kBProgress (3): 0.9/2.7 MB | 209/428 kB | 82/86 kBProgress (3): 0.9/2.7 MB | 213/428 kB | 82/86 kBProgress (3): 0.9/2.7 MB | 217/428 kB | 82/86 kBProgress (3): 0.9/2.7 MB | 221/428 kB | 82/86 kBProgress (3): 0.9/2.7 MB | 225/428 kB | 82/86 kBProgress (3): 0.9/2.7 MB | 229/428 kB | 82/86 kBProgress (3): 0.9/2.7 MB | 229/428 kB | 82/86 kBProgress (3): 0.9/2.7 MB | 233/428 kB | 82/86 kBProgress (3): 0.9/2.7 MB | 238/428 kB | 82/86 kBProgress (3): 0.9/2.7 MB | 242/428 kB | 82/86 kBProgress (3): 0.9/2.7 MB | 246/428 kB | 82/86 kBProgress (3): 0.9/2.7 MB | 246/428 kB | 85/86 kBProgress (3): 0.9/2.7 MB | 246/428 kB | 85/86 kBProgress (3): 0.9/2.7 MB | 246/428 kB | 85/86 kBProgress (3): 0.9/2.7 MB | 246/428 kB | 86 kB   Progress (3): 1.0/2.7 MB | 246/428 kB | 86 kBProgress (3): 1.0/2.7 MB | 246/428 kB | 86 kBProgress (3): 1.0/2.7 MB | 250/428 kB | 86 kBProgress (3): 1.0/2.7 MB | 254/428 kB | 86 kBProgress (3): 1.0/2.7 MB | 258/428 kB | 86 kBProgress (3): 1.0/2.7 MB | 262/428 kB | 86 kBProgress (3): 1.0/2.7 MB | 266/428 kB | 86 kBProgress (3): 1.0/2.7 MB | 270/428 kB | 86 kBProgress (3): 1.0/2.7 MB | 274/428 kB | 86 kBProgress (3): 1.0/2.7 MB | 279/428 kB | 86 kBProgress (3): 1.0/2.7 MB | 283/428 kB | 86 kBProgress (3): 1.0/2.7 MB | 287/428 kB | 86 kBProgress (3): 1.0/2.7 MB | 291/428 kB | 86 kBProgress (3): 1.0/2.7 MB | 295/428 kB | 86 kBProgress (3): 1.0/2.7 MB | 299/428 kB | 86 kBProgress (3): 1.0/2.7 MB | 303/428 kB | 86 kBProgress (3): 1.0/2.7 MB | 307/428 kB | 86 kBProgress (3): 1.0/2.7 MB | 311/428 kB | 86 kBProgress (3): 1.0/2.7 MB | 311/428 kB | 86 kBProgress (3): 1.0/2.7 MB | 315/428 kB | 86 kBProgress (3): 1.0/2.7 MB | 319/428 kB | 86 kBProgress (3): 1.0/2.7 MB | 324/428 kB | 86 kBProgress (3): 1.0/2.7 MB | 328/428 kB | 86 kBProgress (3): 1.0/2.7 MB | 332/428 kB | 86 kBProgress (3): 1.0/2.7 MB | 336/428 kB | 86 kBProgress (3): 1.0/2.7 MB | 340/428 kB | 86 kBProgress (3): 1.0/2.7 MB | 344/428 kB | 86 kBProgress (3): 1.0/2.7 MB | 344/428 kB | 86 kBProgress (3): 1.0/2.7 MB | 348/428 kB | 86 kBProgress (3): 1.0/2.7 MB | 352/428 kB | 86 kBProgress (3): 1.0/2.7 MB | 356/428 kB | 86 kBProgress (3): 1.0/2.7 MB | 360/428 kB | 86 kBProgress (3): 1.0/2.7 MB | 365/428 kB | 86 kBProgress (3): 1.0/2.7 MB | 369/428 kB | 86 kBProgress (3): 1.0/2.7 MB | 373/428 kB | 86 kBProgress (3): 1.0/2.7 MB | 377/428 kB | 86 kBProgress (3): 1.0/2.7 MB | 377/428 kB | 86 kBProgress (3): 1.0/2.7 MB | 381/428 kB | 86 kBProgress (3): 1.0/2.7 MB | 385/428 kB | 86 kBProgress (3): 1.0/2.7 MB | 389/428 kB | 86 kBProgress (3): 1.0/2.7 MB | 393/428 kB | 86 kBProgress (3): 1.0/2.7 MB | 397/428 kB | 86 kBProgress (3): 1.0/2.7 MB | 401/428 kB | 86 kBProgress (3): 1.0/2.7 MB | 406/428 kB | 86 kBProgress (3): 1.0/2.7 MB | 410/428 kB | 86 kBProgress (3): 1.0/2.7 MB | 414/428 kB | 86 kBProgress (3): 1.0/2.7 MB | 418/428 kB | 86 kBProgress (3): 1.0/2.7 MB | 422/428 kB | 86 kBProgress (3): 1.0/2.7 MB | 422/428 kB | 86 kBProgress (3): 1.0/2.7 MB | 426/428 kB | 86 kBProgress (3): 1.0/2.7 MB | 428 kB | 86 kB                                             Downloaded from central: https://repo.maven.apache.org/maven2/com/squareup/okio/okio/1.14.0/okio-1.14.0.jar (86 kB at 85 kB/s)
Progress (2): 1.1/2.7 MB | 428 kBProgress (2): 1.1/2.7 MB | 428 kBProgress (2): 1.1/2.7 MB | 428 kBProgress (2): 1.1/2.7 MB | 428 kBProgress (2): 1.1/2.7 MB | 428 kBProgress (2): 1.1/2.7 MB | 428 kBProgress (2): 1.2/2.7 MB | 428 kB                                 Downloaded from central: https://repo.maven.apache.org/maven2/com/squareup/okhttp3/okhttp/3.14.6/okhttp-3.14.6.jar (428 kB at 411 kB/s)
Progress (1): 1.2/2.7 MBProgress (1): 1.2/2.7 MBProgress (1): 1.2/2.7 MBProgress (1): 1.2/2.7 MBProgress (1): 1.2/2.7 MBProgress (1): 1.3/2.7 MBProgress (1): 1.3/2.7 MBProgress (1): 1.3/2.7 MBProgress (1): 1.3/2.7 MBProgress (1): 1.3/2.7 MBProgress (1): 1.3/2.7 MBProgress (1): 1.3/2.7 MBProgress (1): 1.4/2.7 MBProgress (1): 1.4/2.7 MBProgress (1): 1.4/2.7 MBProgress (1): 1.4/2.7 MBProgress (1): 1.4/2.7 MBProgress (1): 1.4/2.7 MBProgress (1): 1.5/2.7 MBProgress (1): 1.5/2.7 MBProgress (1): 1.5/2.7 MBProgress (1): 1.5/2.7 MBProgress (1): 1.5/2.7 MBProgress (1): 1.5/2.7 MBProgress (1): 1.6/2.7 MBProgress (1): 1.6/2.7 MBProgress (1): 1.6/2.7 MBProgress (1): 1.6/2.7 MBProgress (1): 1.6/2.7 MBProgress (1): 1.6/2.7 MBProgress (1): 1.7/2.7 MBProgress (1): 1.7/2.7 MBProgress (1): 1.7/2.7 MBProgress (1): 1.7/2.7 MBProgress (1): 1.7/2.7 MBProgress (1): 1.7/2.7 MBProgress (1): 1.8/2.7 MBProgress (1): 1.8/2.7 MBProgress (1): 1.8/2.7 MBProgress (1): 1.8/2.7 MBProgress (1): 1.8/2.7 MBProgress (1): 1.8/2.7 MBProgress (1): 1.9/2.7 MBProgress (1): 1.9/2.7 MBProgress (1): 1.9/2.7 MBProgress (1): 1.9/2.7 MBProgress (1): 1.9/2.7 MBProgress (1): 1.9/2.7 MBProgress (1): 2.0/2.7 MBProgress (1): 2.0/2.7 MBProgress (1): 2.0/2.7 MBProgress (1): 2.0/2.7 MBProgress (1): 2.0/2.7 MBProgress (1): 2.0/2.7 MBProgress (1): 2.1/2.7 MBProgress (1): 2.1/2.7 MBProgress (1): 2.1/2.7 MBProgress (1): 2.1/2.7 MBProgress (1): 2.1/2.7 MBProgress (1): 2.1/2.7 MBProgress (1): 2.2/2.7 MBProgress (1): 2.2/2.7 MBProgress (1): 2.2/2.7 MBProgress (1): 2.2/2.7 MBProgress (1): 2.2/2.7 MBProgress (1): 2.2/2.7 MBProgress (1): 2.3/2.7 MBProgress (1): 2.3/2.7 MBProgress (1): 2.3/2.7 MBProgress (1): 2.3/2.7 MBProgress (1): 2.3/2.7 MBProgress (1): 2.3/2.7 MBProgress (1): 2.3/2.7 MBProgress (1): 2.4/2.7 MBProgress (1): 2.4/2.7 MBProgress (1): 2.4/2.7 MBProgress (1): 2.4/2.7 MBProgress (1): 2.4/2.7 MBProgress (1): 2.4/2.7 MBProgress (1): 2.5/2.7 MBProgress (1): 2.5/2.7 MBProgress (1): 2.5/2.7 MBProgress (1): 2.5/2.7 MBProgress (1): 2.5/2.7 MBProgress (1): 2.5/2.7 MBProgress (1): 2.6/2.7 MBProgress (1): 2.6/2.7 MBProgress (1): 2.6/2.7 MBProgress (1): 2.6/2.7 MBProgress (1): 2.6/2.7 MBProgress (1): 2.6/2.7 MBProgress (1): 2.7/2.7 MBProgress (1): 2.7/2.7 MBProgress (1): 2.7/2.7 MBProgress (1): 2.7/2.7 MBProgress (1): 2.7/2.7 MBProgress (1): 2.7 MB                        Downloaded from central: https://repo.maven.apache.org/maven2/com/google/guava/guava/25.0-jre/guava-25.0-jre.jar (2.7 MB at 1.9 MB/s)
[INFO] 
[8mha:////4A2XxUCaCcjcJArUByFaRjEeuxmvF7x5mJoFvoTRWL2AAAAAYB+LCAAAAAAAAP9b85aBtbiIQSmjNKU4P0+vJLE4u1gvPjexLDVPzxdEGvvmZ+X75ZekLlOVfvTjc8FPJgaGiiIGKaiG5Py84vycVD1nCA1SyAABjCCFBQCV27OjYAAAAA==[0m[INFO] --- maven-resources-plugin:3.1.0:resources (default-resources) @ panda ---
[INFO] Using 'UTF-8' encoding to copy filtered resources.
[INFO] Copying 1 resource
[INFO] Copying 3 resources
[INFO] 
[8mha:////4A2XxUCaCcjcJArUByFaRjEeuxmvF7x5mJoFvoTRWL2AAAAAYB+LCAAAAAAAAP9b85aBtbiIQSmjNKU4P0+vJLE4u1gvPjexLDVPzxdEGvvmZ+X75ZekLlOVfvTjc8FPJgaGiiIGKaiG5Py84vycVD1nCA1SyAABjCCFBQCV27OjYAAAAA==[0m[INFO] --- maven-compiler-plugin:3.8.1:compile (default-compile) @ panda ---
[INFO] Changes detected - recompiling the module!
[INFO] Compiling 2 source files to /var/jenkins_home/workspace/CI/target/classes
[INFO] 
[8mha:////4A2XxUCaCcjcJArUByFaRjEeuxmvF7x5mJoFvoTRWL2AAAAAYB+LCAAAAAAAAP9b85aBtbiIQSmjNKU4P0+vJLE4u1gvPjexLDVPzxdEGvvmZ+X75ZekLlOVfvTjc8FPJgaGiiIGKaiG5Py84vycVD1nCA1SyAABjCCFBQCV27OjYAAAAA==[0m[INFO] --- maven-resources-plugin:3.1.0:testResources (default-testResources) @ panda ---
[INFO] Using 'UTF-8' encoding to copy filtered resources.
[INFO] skip non existing resourceDirectory /var/jenkins_home/workspace/CI/src/test/resources
[INFO] 
[8mha:////4A2XxUCaCcjcJArUByFaRjEeuxmvF7x5mJoFvoTRWL2AAAAAYB+LCAAAAAAAAP9b85aBtbiIQSmjNKU4P0+vJLE4u1gvPjexLDVPzxdEGvvmZ+X75ZekLlOVfvTjc8FPJgaGiiIGKaiG5Py84vycVD1nCA1SyAABjCCFBQCV27OjYAAAAA==[0m[INFO] --- maven-compiler-plugin:3.8.1:testCompile (default-testCompile) @ panda ---
[INFO] Changes detected - recompiling the module!
[INFO] Compiling 3 source files to /var/jenkins_home/workspace/CI/target/test-classes
[INFO] 
[8mha:////4A2XxUCaCcjcJArUByFaRjEeuxmvF7x5mJoFvoTRWL2AAAAAYB+LCAAAAAAAAP9b85aBtbiIQSmjNKU4P0+vJLE4u1gvPjexLDVPzxdEGvvmZ+X75ZekLlOVfvTjc8FPJgaGiiIGKaiG5Py84vycVD1nCA1SyAABjCCFBQCV27OjYAAAAA==[0m[INFO] --- maven-surefire-plugin:2.22.2:test (default-test) @ panda ---
[INFO] 
[INFO] -------------------------------------------------------
[INFO]  T E S T S
[INFO] -------------------------------------------------------
[INFO] Running pl.pandait.panda.HelloControllerTest
18:31:36.629 [main] DEBUG org.springframework.test.context.BootstrapUtils - Instantiating CacheAwareContextLoaderDelegate from class [org.springframework.test.context.cache.DefaultCacheAwareContextLoaderDelegate]
18:31:36.656 [main] DEBUG org.springframework.test.context.BootstrapUtils - Instantiating BootstrapContext using constructor [public org.springframework.test.context.support.DefaultBootstrapContext(java.lang.Class,org.springframework.test.context.CacheAwareContextLoaderDelegate)]
18:31:36.721 [main] DEBUG org.springframework.test.context.BootstrapUtils - Instantiating TestContextBootstrapper for test class [pl.pandait.panda.HelloControllerTest] from class [org.springframework.boot.test.context.SpringBootTestContextBootstrapper]
18:31:36.759 [main] INFO org.springframework.boot.test.context.SpringBootTestContextBootstrapper - Neither @ContextConfiguration nor @ContextHierarchy found for test class [pl.pandait.panda.HelloControllerTest], using SpringBootContextLoader
18:31:36.769 [main] DEBUG org.springframework.test.context.support.AbstractContextLoader - Did not detect default resource location for test class [pl.pandait.panda.HelloControllerTest]: class path resource [pl/pandait/panda/HelloControllerTest-context.xml] does not exist
18:31:36.770 [main] DEBUG org.springframework.test.context.support.AbstractContextLoader - Did not detect default resource location for test class [pl.pandait.panda.HelloControllerTest]: class path resource [pl/pandait/panda/HelloControllerTestContext.groovy] does not exist
18:31:36.771 [main] INFO org.springframework.test.context.support.AbstractContextLoader - Could not detect default resource locations for test class [pl.pandait.panda.HelloControllerTest]: no resource found for suffixes {-context.xml, Context.groovy}.
18:31:36.773 [main] INFO org.springframework.test.context.support.AnnotationConfigContextLoaderUtils - Could not detect default configuration classes for test class [pl.pandait.panda.HelloControllerTest]: HelloControllerTest does not declare any static, non-private, non-final, nested classes annotated with @Configuration.
18:31:36.861 [main] DEBUG org.springframework.test.context.support.ActiveProfilesUtils - Could not find an 'annotation declaring class' for annotation type [org.springframework.test.context.ActiveProfiles] and class [pl.pandait.panda.HelloControllerTest]
18:31:37.042 [main] DEBUG org.springframework.context.annotation.ClassPathScanningCandidateComponentProvider - Identified candidate component class: file [/var/jenkins_home/workspace/CI/target/classes/pl/pandait/panda/PandaApplication.class]
18:31:37.045 [main] INFO org.springframework.boot.test.context.SpringBootTestContextBootstrapper - Found @SpringBootConfiguration pl.pandait.panda.PandaApplication for test class pl.pandait.panda.HelloControllerTest
18:31:37.206 [main] DEBUG org.springframework.boot.test.context.SpringBootTestContextBootstrapper - @TestExecutionListeners is not present for class [pl.pandait.panda.HelloControllerTest]: using defaults.
18:31:37.207 [main] INFO org.springframework.boot.test.context.SpringBootTestContextBootstrapper - Loaded default TestExecutionListener class names from location [META-INF/spring.factories]: [org.springframework.boot.test.mock.mockito.MockitoTestExecutionListener, org.springframework.boot.test.mock.mockito.ResetMocksTestExecutionListener, org.springframework.boot.test.autoconfigure.restdocs.RestDocsTestExecutionListener, org.springframework.boot.test.autoconfigure.web.client.MockRestServiceServerResetTestExecutionListener, org.springframework.boot.test.autoconfigure.web.servlet.MockMvcPrintOnlyOnFailureTestExecutionListener, org.springframework.boot.test.autoconfigure.web.servlet.WebDriverTestExecutionListener, org.springframework.test.context.web.ServletTestExecutionListener, org.springframework.test.context.support.DirtiesContextBeforeModesTestExecutionListener, org.springframework.test.context.support.DependencyInjectionTestExecutionListener, org.springframework.test.context.support.DirtiesContextTestExecutionListener, org.springframework.test.context.transaction.TransactionalTestExecutionListener, org.springframework.test.context.jdbc.SqlScriptsTestExecutionListener, org.springframework.test.context.event.EventPublishingTestExecutionListener]
18:31:37.242 [main] DEBUG org.springframework.boot.test.context.SpringBootTestContextBootstrapper - Skipping candidate TestExecutionListener [org.springframework.test.context.transaction.TransactionalTestExecutionListener] due to a missing dependency. Specify custom listener classes or make the default listener classes and their required dependencies available. Offending class: [org/springframework/transaction/TransactionDefinition]
18:31:37.244 [main] DEBUG org.springframework.boot.test.context.SpringBootTestContextBootstrapper - Skipping candidate TestExecutionListener [org.springframework.test.context.jdbc.SqlScriptsTestExecutionListener] due to a missing dependency. Specify custom listener classes or make the default listener classes and their required dependencies available. Offending class: [org/springframework/transaction/interceptor/TransactionAttribute]
18:31:37.248 [main] INFO org.springframework.boot.test.context.SpringBootTestContextBootstrapper - Using TestExecutionListeners: [org.springframework.test.context.web.ServletTestExecutionListener@8692d67, org.springframework.test.context.support.DirtiesContextBeforeModesTestExecutionListener@78f5c518, org.springframework.boot.test.mock.mockito.MockitoTestExecutionListener@2f48b3d2, org.springframework.boot.test.autoconfigure.SpringBootDependencyInjectionTestExecutionListener@34f7234e, org.springframework.test.context.support.DirtiesContextTestExecutionListener@753432a2, org.springframework.test.context.event.EventPublishingTestExecutionListener@23bff419, org.springframework.boot.test.mock.mockito.ResetMocksTestExecutionListener@4983159f, org.springframework.boot.test.autoconfigure.restdocs.RestDocsTestExecutionListener@44e3a2b2, org.springframework.boot.test.autoconfigure.web.client.MockRestServiceServerResetTestExecutionListener@101639ae, org.springframework.boot.test.autoconfigure.web.servlet.MockMvcPrintOnlyOnFailureTestExecutionListener@4c550889, org.springframework.boot.test.autoconfigure.web.servlet.WebDriverTestExecutionListener@1d2bd371]
18:31:37.261 [main] DEBUG org.springframework.test.context.support.AbstractDirtiesContextTestExecutionListener - Before test class: context [DefaultTestContext@293a5f75 testClass = HelloControllerTest, testInstance = [null], testMethod = [null], testException = [null], mergedContextConfiguration = [WebMergedContextConfiguration@fcb4004 testClass = HelloControllerTest, locations = '{}', classes = '{class pl.pandait.panda.PandaApplication}', contextInitializerClasses = '[]', activeProfiles = '{}', propertySourceLocations = '{}', propertySourceProperties = '{org.springframework.boot.test.context.SpringBootTestContextBootstrapper=true, server.port=0}', contextCustomizers = set[org.springframework.boot.test.context.filter.ExcludeFilterContextCustomizer@13df2a8c, org.springframework.boot.test.json.DuplicateJsonObjectContextCustomizerFactory$DuplicateJsonObjectContextCustomizer@1787f2a0, org.springframework.boot.test.mock.mockito.MockitoContextCustomizer@0, org.springframework.boot.test.web.client.TestRestTemplateContextCustomizer@dc9876b, org.springframework.boot.test.autoconfigure.properties.PropertyMappingContextCustomizer@0, org.springframework.boot.test.autoconfigure.web.servlet.WebDriverContextCustomizerFactory$Customizer@42e25b0b], resourceBasePath = 'src/main/webapp', contextLoader = 'org.springframework.boot.test.context.SpringBootContextLoader', parent = [null]], attributes = map['org.springframework.test.context.web.ServletTestExecutionListener.activateListener' -> false]], class annotated with @DirtiesContext [false] with mode [null].
18:31:37.283 [main] DEBUG org.springframework.test.context.support.DependencyInjectionTestExecutionListener - Performing dependency injection for test context [[DefaultTestContext@293a5f75 testClass = HelloControllerTest, testInstance = pl.pandait.panda.HelloControllerTest@3c9bfddc, testMethod = [null], testException = [null], mergedContextConfiguration = [WebMergedContextConfiguration@fcb4004 testClass = HelloControllerTest, locations = '{}', classes = '{class pl.pandait.panda.PandaApplication}', contextInitializerClasses = '[]', activeProfiles = '{}', propertySourceLocations = '{}', propertySourceProperties = '{org.springframework.boot.test.context.SpringBootTestContextBootstrapper=true, server.port=0}', contextCustomizers = set[org.springframework.boot.test.context.filter.ExcludeFilterContextCustomizer@13df2a8c, org.springframework.boot.test.json.DuplicateJsonObjectContextCustomizerFactory$DuplicateJsonObjectContextCustomizer@1787f2a0, org.springframework.boot.test.mock.mockito.MockitoContextCustomizer@0, org.springframework.boot.test.web.client.TestRestTemplateContextCustomizer@dc9876b, org.springframework.boot.test.autoconfigure.properties.PropertyMappingContextCustomizer@0, org.springframework.boot.test.autoconfigure.web.servlet.WebDriverContextCustomizerFactory$Customizer@42e25b0b], resourceBasePath = 'src/main/webapp', contextLoader = 'org.springframework.boot.test.context.SpringBootContextLoader', parent = [null]], attributes = map['org.springframework.test.context.web.ServletTestExecutionListener.activateListener' -> false]]].
18:31:37.329 [main] DEBUG org.springframework.test.context.support.TestPropertySourceUtils - Adding inlined properties to environment: {spring.jmx.enabled=false, org.springframework.boot.test.context.SpringBootTestContextBootstrapper=true, server.port=0}

  .   ____          _            __ _ _
 /\\ / ___'_ __ _ _(_)_ __  __ _ \ \ \ \
( ( )\___ | '_ | '_| | '_ \/ _` | \ \ \ \
 \\/  ___)| |_)| | | | | || (_| |  ) ) ) )
  '  |____| .__|_| |_|_| |_\__, | / / / /
 =========|_|==============|___/=/_/_/_/
 :: Spring Boot ::        (v2.2.4.RELEASE)

2020-11-09 18:31:38.057  INFO 216 --- [           main] pl.pandait.panda.HelloControllerTest     : Starting HelloControllerTest on 7f29e35ef178 with PID 216 (started by jenkins in /var/jenkins_home/workspace/CI)
2020-11-09 18:31:38.060  INFO 216 --- [           main] pl.pandait.panda.HelloControllerTest     : No active profile set, falling back to default profiles: default
2020-11-09 18:31:40.191  INFO 216 --- [           main] o.s.b.w.embedded.tomcat.TomcatWebServer  : Tomcat initialized with port(s): 0 (http)
2020-11-09 18:31:40.219  INFO 216 --- [           main] o.apache.catalina.core.StandardService   : Starting service [Tomcat]
2020-11-09 18:31:40.220  INFO 216 --- [           main] org.apache.catalina.core.StandardEngine  : Starting Servlet engine: [Apache Tomcat/9.0.30]
2020-11-09 18:31:40.516  INFO 216 --- [           main] o.a.c.c.C.[Tomcat].[localhost].[/]       : Initializing Spring embedded WebApplicationContext
2020-11-09 18:31:40.516  INFO 216 --- [           main] o.s.web.context.ContextLoader            : Root WebApplicationContext: initialization completed in 2413 ms
2020-11-09 18:31:41.147  INFO 216 --- [           main] o.s.s.concurrent.ThreadPoolTaskExecutor  : Initializing ExecutorService 'applicationTaskExecutor'
2020-11-09 18:31:41.302  INFO 216 --- [           main] o.s.b.a.w.s.WelcomePageHandlerMapping    : Adding welcome page: class path resource [static/index.html]
2020-11-09 18:31:42.184  INFO 216 --- [           main] o.s.b.w.embedded.tomcat.TomcatWebServer  : Tomcat started on port(s): 41535 (http) with context path ''
2020-11-09 18:31:42.189  INFO 216 --- [           main] pl.pandait.panda.HelloControllerTest     : Started HelloControllerTest in 4.854 seconds (JVM running for 7.011)
2020-11-09 18:31:42.835  INFO 216 --- [           main] o.s.mock.web.MockServletContext          : Initializing Spring TestDispatcherServlet ''
2020-11-09 18:31:42.836  INFO 216 --- [           main] o.s.t.web.servlet.TestDispatcherServlet  : Initializing Servlet ''
2020-11-09 18:31:42.836  INFO 216 --- [           main] o.s.t.web.servlet.TestDispatcherServlet  : Completed initialization in 0 ms
[INFO] Tests run: 1, Failures: 0, Errors: 0, Skipped: 0, Time elapsed: 6.622 s - in pl.pandait.panda.HelloControllerTest
[INFO] Running pl.pandait.panda.PandaApplicationTests
2020-11-09 18:31:42.961  INFO 216 --- [           main] .b.t.c.SpringBootTestContextBootstrapper : Neither @ContextConfiguration nor @ContextHierarchy found for test class [pl.pandait.panda.PandaApplicationTests], using SpringBootContextLoader
2020-11-09 18:31:42.962  INFO 216 --- [           main] o.s.t.c.support.AbstractContextLoader    : Could not detect default resource locations for test class [pl.pandait.panda.PandaApplicationTests]: no resource found for suffixes {-context.xml, Context.groovy}.
2020-11-09 18:31:42.962  INFO 216 --- [           main] t.c.s.AnnotationConfigContextLoaderUtils : Could not detect default configuration classes for test class [pl.pandait.panda.PandaApplicationTests]: PandaApplicationTests does not declare any static, non-private, non-final, nested classes annotated with @Configuration.
2020-11-09 18:31:42.965  INFO 216 --- [           main] .b.t.c.SpringBootTestContextBootstrapper : Found @SpringBootConfiguration pl.pandait.panda.PandaApplication for test class pl.pandait.panda.PandaApplicationTests
2020-11-09 18:31:42.973  INFO 216 --- [           main] .b.t.c.SpringBootTestContextBootstrapper : Loaded default TestExecutionListener class names from location [META-INF/spring.factories]: [org.springframework.boot.test.mock.mockito.MockitoTestExecutionListener, org.springframework.boot.test.mock.mockito.ResetMocksTestExecutionListener, org.springframework.boot.test.autoconfigure.restdocs.RestDocsTestExecutionListener, org.springframework.boot.test.autoconfigure.web.client.MockRestServiceServerResetTestExecutionListener, org.springframework.boot.test.autoconfigure.web.servlet.MockMvcPrintOnlyOnFailureTestExecutionListener, org.springframework.boot.test.autoconfigure.web.servlet.WebDriverTestExecutionListener, org.springframework.test.context.web.ServletTestExecutionListener, org.springframework.test.context.support.DirtiesContextBeforeModesTestExecutionListener, org.springframework.test.context.support.DependencyInjectionTestExecutionListener, org.springframework.test.context.support.DirtiesContextTestExecutionListener, org.springframework.test.context.transaction.TransactionalTestExecutionListener, org.springframework.test.context.jdbc.SqlScriptsTestExecutionListener, org.springframework.test.context.event.EventPublishingTestExecutionListener]
2020-11-09 18:31:42.975  INFO 216 --- [           main] .b.t.c.SpringBootTestContextBootstrapper : Using TestExecutionListeners: [org.springframework.test.context.web.ServletTestExecutionListener@21be14c2, org.springframework.test.context.support.DirtiesContextBeforeModesTestExecutionListener@19105a87, org.springframework.boot.test.mock.mockito.MockitoTestExecutionListener@83b0d0f, org.springframework.boot.test.autoconfigure.SpringBootDependencyInjectionTestExecutionListener@2bb717d7, org.springframework.test.context.support.DirtiesContextTestExecutionListener@7afe0e67, org.springframework.test.context.event.EventPublishingTestExecutionListener@6121a7dd, org.springframework.boot.test.mock.mockito.ResetMocksTestExecutionListener@31228d83, org.springframework.boot.test.autoconfigure.restdocs.RestDocsTestExecutionListener@22b82ddf, org.springframework.boot.test.autoconfigure.web.client.MockRestServiceServerResetTestExecutionListener@28bf82d9, org.springframework.boot.test.autoconfigure.web.servlet.MockMvcPrintOnlyOnFailureTestExecutionListener@44ccd75c, org.springframework.boot.test.autoconfigure.web.servlet.WebDriverTestExecutionListener@61a704d3]

  .   ____          _            __ _ _
 /\\ / ___'_ __ _ _(_)_ __  __ _ \ \ \ \
( ( )\___ | '_ | '_| | '_ \/ _` | \ \ \ \
 \\/  ___)| |_)| | | | | || (_| |  ) ) ) )
  '  |____| .__|_| |_|_| |_\__, | / / / /
 =========|_|==============|___/=/_/_/_/
 :: Spring Boot ::        (v2.2.4.RELEASE)

2020-11-09 18:31:43.045  INFO 216 --- [           main] pl.pandait.panda.PandaApplicationTests   : Starting PandaApplicationTests on 7f29e35ef178 with PID 216 (started by jenkins in /var/jenkins_home/workspace/CI)
2020-11-09 18:31:43.046  INFO 216 --- [           main] pl.pandait.panda.PandaApplicationTests   : No active profile set, falling back to default profiles: default
2020-11-09 18:31:43.639  INFO 216 --- [           main] o.s.s.concurrent.ThreadPoolTaskExecutor  : Initializing ExecutorService 'applicationTaskExecutor'
2020-11-09 18:31:43.676  INFO 216 --- [           main] o.s.b.a.w.s.WelcomePageHandlerMapping    : Adding welcome page: class path resource [static/index.html]
2020-11-09 18:31:43.870  INFO 216 --- [           main] pl.pandait.panda.PandaApplicationTests   : Started PandaApplicationTests in 0.882 seconds (JVM running for 8.691)
[INFO] Tests run: 1, Failures: 0, Errors: 0, Skipped: 0, Time elapsed: 0.885 s - in pl.pandait.panda.PandaApplicationTests
[INFO] Running pl.pandait.panda.PandaApplicationSeleniumTest
2020-11-09 18:31:43.891  INFO 216 --- [           main] .b.t.c.SpringBootTestContextBootstrapper : Neither @ContextConfiguration nor @ContextHierarchy found for test class [pl.pandait.panda.PandaApplicationSeleniumTest], using SpringBootContextLoader
2020-11-09 18:31:43.893  INFO 216 --- [           main] o.s.t.c.support.AbstractContextLoader    : Could not detect default resource locations for test class [pl.pandait.panda.PandaApplicationSeleniumTest]: no resource found for suffixes {-context.xml, Context.groovy}.
2020-11-09 18:31:43.897  INFO 216 --- [           main] .b.t.c.SpringBootTestContextBootstrapper : Loaded default TestExecutionListener class names from location [META-INF/spring.factories]: [org.springframework.boot.test.mock.mockito.MockitoTestExecutionListener, org.springframework.boot.test.mock.mockito.ResetMocksTestExecutionListener, org.springframework.boot.test.autoconfigure.restdocs.RestDocsTestExecutionListener, org.springframework.boot.test.autoconfigure.web.client.MockRestServiceServerResetTestExecutionListener, org.springframework.boot.test.autoconfigure.web.servlet.MockMvcPrintOnlyOnFailureTestExecutionListener, org.springframework.boot.test.autoconfigure.web.servlet.WebDriverTestExecutionListener, org.springframework.test.context.web.ServletTestExecutionListener, org.springframework.test.context.support.DirtiesContextBeforeModesTestExecutionListener, org.springframework.test.context.support.DependencyInjectionTestExecutionListener, org.springframework.test.context.support.DirtiesContextTestExecutionListener, org.springframework.test.context.transaction.TransactionalTestExecutionListener, org.springframework.test.context.jdbc.SqlScriptsTestExecutionListener, org.springframework.test.context.event.EventPublishingTestExecutionListener]
2020-11-09 18:31:43.899  INFO 216 --- [           main] .b.t.c.SpringBootTestContextBootstrapper : Using TestExecutionListeners: [org.springframework.test.context.web.ServletTestExecutionListener@5beb6be2, org.springframework.test.context.support.DirtiesContextBeforeModesTestExecutionListener@2d6a0766, org.springframework.boot.test.mock.mockito.MockitoTestExecutionListener@1182d1df, org.springframework.boot.test.autoconfigure.SpringBootDependencyInjectionTestExecutionListener@31c7c281, org.springframework.test.context.support.DirtiesContextTestExecutionListener@31f31b20, org.springframework.test.context.event.EventPublishingTestExecutionListener@4c5f7b4f, org.springframework.boot.test.mock.mockito.ResetMocksTestExecutionListener@4b544732, org.springframework.boot.test.autoconfigure.restdocs.RestDocsTestExecutionListener@44084713, org.springframework.boot.test.autoconfigure.web.client.MockRestServiceServerResetTestExecutionListener@6d8b7ea9, org.springframework.boot.test.autoconfigure.web.servlet.MockMvcPrintOnlyOnFailureTestExecutionListener@5a39e554, org.springframework.boot.test.autoconfigure.web.servlet.WebDriverTestExecutionListener@333d44f6]

  .   ____          _            __ _ _
 /\\ / ___'_ __ _ _(_)_ __  __ _ \ \ \ \
( ( )\___ | '_ | '_| | '_ \/ _` | \ \ \ \
 \\/  ___)| |_)| | | | | || (_| |  ) ) ) )
  '  |____| .__|_| |_|_| |_\__, | / / / /
 =========|_|==============|___/=/_/_/_/
 :: Spring Boot ::        (v2.2.4.RELEASE)

2020-11-09 18:31:43.943  INFO 216 --- [           main] p.p.panda.PandaApplicationSeleniumTest   : Starting PandaApplicationSeleniumTest on 7f29e35ef178 with PID 216 (started by jenkins in /var/jenkins_home/workspace/CI)
2020-11-09 18:31:43.944  INFO 216 --- [           main] p.p.panda.PandaApplicationSeleniumTest   : No active profile set, falling back to default profiles: default
2020-11-09 18:31:44.281  INFO 216 --- [           main] o.s.b.w.embedded.tomcat.TomcatWebServer  : Tomcat initialized with port(s): 8080 (http)
2020-11-09 18:31:44.283  INFO 216 --- [           main] o.apache.catalina.core.StandardService   : Starting service [Tomcat]
2020-11-09 18:31:44.284  INFO 216 --- [           main] org.apache.catalina.core.StandardEngine  : Starting Servlet engine: [Apache Tomcat/9.0.30]
2020-11-09 18:31:44.309  INFO 216 --- [           main] o.a.c.c.C.[Tomcat-1].[localhost].[/]     : Initializing Spring embedded WebApplicationContext
2020-11-09 18:31:44.309  INFO 216 --- [           main] o.s.web.context.ContextLoader            : Root WebApplicationContext: initialization completed in 362 ms
2020-11-09 18:31:44.530  INFO 216 --- [           main] o.s.s.concurrent.ThreadPoolTaskExecutor  : Initializing ExecutorService 'applicationTaskExecutor'
2020-11-09 18:31:44.576  INFO 216 --- [           main] o.s.b.a.w.s.WelcomePageHandlerMapping    : Adding welcome page: class path resource [static/index.html]
2020-11-09 18:31:44.843  INFO 216 --- [           main] o.apache.catalina.core.StandardService   : Stopping service [Tomcat]
2020-11-09 18:31:44.858  INFO 216 --- [           main] ConditionEvaluationReportLoggingListener : 

Error starting ApplicationContext. To display the conditions report re-run your application with 'debug' enabled.
2020-11-09 18:31:44.860 ERROR 216 --- [           main] o.s.b.d.LoggingFailureAnalysisReporter   : 

***************************
APPLICATION FAILED TO START
***************************

Description:

Web server failed to start. Port 8080 was already in use.

Action:

Identify and stop the process that's listening on port 8080 or configure this application to listen on another port.

2020-11-09 18:31:44.866  INFO 216 --- [           main] o.s.s.concurrent.ThreadPoolTaskExecutor  : Shutting down ExecutorService 'applicationTaskExecutor'

  .   ____          _            __ _ _
 /\\ / ___'_ __ _ _(_)_ __  __ _ \ \ \ \
( ( )\___ | '_ | '_| | '_ \/ _` | \ \ \ \
 \\/  ___)| |_)| | | | | || (_| |  ) ) ) )
  '  |____| .__|_| |_|_| |_\__, | / / / /
 =========|_|==============|___/=/_/_/_/
 :: Spring Boot ::        (v2.2.4.RELEASE)

2020-11-09 18:31:44.903  INFO 216 --- [           main] p.p.panda.PandaApplicationSeleniumTest   : Starting PandaApplicationSeleniumTest on 7f29e35ef178 with PID 216 (started by jenkins in /var/jenkins_home/workspace/CI)
2020-11-09 18:31:44.904  INFO 216 --- [           main] p.p.panda.PandaApplicationSeleniumTest   : No active profile set, falling back to default profiles: default
2020-11-09 18:31:45.243  INFO 216 --- [           main] o.s.b.w.embedded.tomcat.TomcatWebServer  : Tomcat initialized with port(s): 8080 (http)
2020-11-09 18:31:45.245  INFO 216 --- [           main] o.apache.catalina.core.StandardService   : Starting service [Tomcat]
2020-11-09 18:31:45.246  INFO 216 --- [           main] org.apache.catalina.core.StandardEngine  : Starting Servlet engine: [Apache Tomcat/9.0.30]
2020-11-09 18:31:45.265  INFO 216 --- [           main] o.a.c.c.C.[Tomcat-2].[localhost].[/]     : Initializing Spring embedded WebApplicationContext
2020-11-09 18:31:45.265  INFO 216 --- [           main] o.s.web.context.ContextLoader            : Root WebApplicationContext: initialization completed in 356 ms
2020-11-09 18:31:45.468  INFO 216 --- [           main] o.s.s.concurrent.ThreadPoolTaskExecutor  : Initializing ExecutorService 'applicationTaskExecutor'
2020-11-09 18:31:45.520  INFO 216 --- [           main] o.s.b.a.w.s.WelcomePageHandlerMapping    : Adding welcome page: class path resource [static/index.html]
2020-11-09 18:31:45.653  INFO 216 --- [           main] o.apache.catalina.core.StandardService   : Stopping service [Tomcat]
2020-11-09 18:31:45.658  INFO 216 --- [           main] ConditionEvaluationReportLoggingListener : 

Error starting ApplicationContext. To display the conditions report re-run your application with 'debug' enabled.
2020-11-09 18:31:45.659 ERROR 216 --- [           main] o.s.b.d.LoggingFailureAnalysisReporter   : 

***************************
APPLICATION FAILED TO START
***************************

Description:

Web server failed to start. Port 8080 was already in use.

Action:

Identify and stop the process that's listening on port 8080 or configure this application to listen on another port.

2020-11-09 18:31:45.660  INFO 216 --- [           main] o.s.s.concurrent.ThreadPoolTaskExecutor  : Shutting down ExecutorService 'applicationTaskExecutor'
2020-11-09 18:31:45.667 ERROR 216 --- [           main] o.s.test.context.TestContextManager      : Caught exception while allowing TestExecutionListener [org.springframework.boot.test.autoconfigure.SpringBootDependencyInjectionTestExecutionListener@31c7c281] to prepare test instance [pl.pandait.panda.PandaApplicationSeleniumTest@3fd5d679]

java.lang.IllegalStateException: Failed to load ApplicationContext
	at org.springframework.test.context.cache.DefaultCacheAwareContextLoaderDelegate.loadContext(DefaultCacheAwareContextLoaderDelegate.java:132) ~[spring-test-5.2.3.RELEASE.jar:5.2.3.RELEASE]
	at org.springframework.test.context.support.DefaultTestContext.getApplicationContext(DefaultTestContext.java:123) ~[spring-test-5.2.3.RELEASE.jar:5.2.3.RELEASE]
	at org.springframework.test.context.support.DependencyInjectionTestExecutionListener.injectDependencies(DependencyInjectionTestExecutionListener.java:118) ~[spring-test-5.2.3.RELEASE.jar:5.2.3.RELEASE]
	at org.springframework.test.context.support.DependencyInjectionTestExecutionListener.prepareTestInstance(DependencyInjectionTestExecutionListener.java:83) ~[spring-test-5.2.3.RELEASE.jar:5.2.3.RELEASE]
	at org.springframework.boot.test.autoconfigure.SpringBootDependencyInjectionTestExecutionListener.prepareTestInstance(SpringBootDependencyInjectionTestExecutionListener.java:43) ~[spring-boot-test-autoconfigure-2.2.4.RELEASE.jar:2.2.4.RELEASE]
	at org.springframework.test.context.TestContextManager.prepareTestInstance(TestContextManager.java:244) ~[spring-test-5.2.3.RELEASE.jar:5.2.3.RELEASE]
	at org.springframework.test.context.junit.jupiter.SpringExtension.postProcessTestInstance(SpringExtension.java:98) ~[spring-test-5.2.3.RELEASE.jar:5.2.3.RELEASE]
	at org.junit.jupiter.engine.descriptor.ClassBasedTestDescriptor.lambda$invokeTestInstancePostProcessors$5(ClassBasedTestDescriptor.java:337) ~[junit-jupiter-engine-5.5.2.jar:5.5.2]
	at org.junit.jupiter.engine.descriptor.ClassBasedTestDescriptor.executeAndMaskThrowable(ClassBasedTestDescriptor.java:342) ~[junit-jupiter-engine-5.5.2.jar:5.5.2]
	at org.junit.jupiter.engine.descriptor.ClassBasedTestDescriptor.lambda$invokeTestInstancePostProcessors$6(ClassBasedTestDescriptor.java:337) ~[junit-jupiter-engine-5.5.2.jar:5.5.2]
	at java.base/java.util.stream.ReferencePipeline$3$1.accept(ReferencePipeline.java:195) ~[na:na]
	at java.base/java.util.stream.ReferencePipeline$2$1.accept(ReferencePipeline.java:177) ~[na:na]
	at java.base/java.util.ArrayList$ArrayListSpliterator.forEachRemaining(ArrayList.java:1655) ~[na:na]
	at java.base/java.util.stream.AbstractPipeline.copyInto(AbstractPipeline.java:484) ~[na:na]
	at java.base/java.util.stream.AbstractPipeline.wrapAndCopyInto(AbstractPipeline.java:474) ~[na:na]
	at java.base/java.util.stream.StreamSpliterators$WrappingSpliterator.forEachRemaining(StreamSpliterators.java:312) ~[na:na]
	at java.base/java.util.stream.Streams$ConcatSpliterator.forEachRemaining(Streams.java:735) ~[na:na]
	at java.base/java.util.stream.Streams$ConcatSpliterator.forEachRemaining(Streams.java:734) ~[na:na]
	at java.base/java.util.stream.ReferencePipeline$Head.forEach(ReferencePipeline.java:658) ~[na:na]
	at org.junit.jupiter.engine.descriptor.ClassBasedTestDescriptor.invokeTestInstancePostProcessors(ClassBasedTestDescriptor.java:336) ~[junit-jupiter-engine-5.5.2.jar:5.5.2]
	at org.junit.jupiter.engine.descriptor.ClassBasedTestDescriptor.instantiateAndPostProcessTestInstance(ClassBasedTestDescriptor.java:259) ~[junit-jupiter-engine-5.5.2.jar:5.5.2]
	at org.junit.jupiter.engine.descriptor.ClassBasedTestDescriptor.lambda$testInstancesProvider$2(ClassBasedTestDescriptor.java:252) ~[junit-jupiter-engine-5.5.2.jar:5.5.2]
	at java.base/java.util.Optional.orElseGet(Optional.java:369) ~[na:na]
	at org.junit.jupiter.engine.descriptor.ClassBasedTestDescriptor.lambda$testInstancesProvider$3(ClassBasedTestDescriptor.java:251) ~[junit-jupiter-engine-5.5.2.jar:5.5.2]
	at org.junit.jupiter.engine.execution.TestInstancesProvider.getTestInstances(TestInstancesProvider.java:29) ~[junit-jupiter-engine-5.5.2.jar:5.5.2]
	at org.junit.jupiter.engine.descriptor.TestMethodTestDescriptor.lambda$prepare$0(TestMethodTestDescriptor.java:106) ~[junit-jupiter-engine-5.5.2.jar:5.5.2]
	at org.junit.platform.engine.support.hierarchical.ThrowableCollector.execute(ThrowableCollector.java:73) ~[junit-platform-engine-1.5.2.jar:1.5.2]
	at org.junit.jupiter.engine.descriptor.TestMethodTestDescriptor.prepare(TestMethodTestDescriptor.java:105) ~[junit-jupiter-engine-5.5.2.jar:5.5.2]
	at org.junit.jupiter.engine.descriptor.TestMethodTestDescriptor.prepare(TestMethodTestDescriptor.java:69) ~[junit-jupiter-engine-5.5.2.jar:5.5.2]
	at org.junit.platform.engine.support.hierarchical.NodeTestTask.lambda$prepare$1(NodeTestTask.java:107) ~[junit-platform-engine-1.5.2.jar:1.5.2]
	at org.junit.platform.engine.support.hierarchical.ThrowableCollector.execute(ThrowableCollector.java:73) ~[junit-platform-engine-1.5.2.jar:1.5.2]
	at org.junit.platform.engine.support.hierarchical.NodeTestTask.prepare(NodeTestTask.java:107) ~[junit-platform-engine-1.5.2.jar:1.5.2]
	at org.junit.platform.engine.support.hierarchical.NodeTestTask.execute(NodeTestTask.java:75) ~[junit-platform-engine-1.5.2.jar:1.5.2]
	at java.base/java.util.ArrayList.forEach(ArrayList.java:1541) ~[na:na]
	at org.junit.platform.engine.support.hierarchical.SameThreadHierarchicalTestExecutorService.invokeAll(SameThreadHierarchicalTestExecutorService.java:38) ~[junit-platform-engine-1.5.2.jar:1.5.2]
	at org.junit.platform.engine.support.hierarchical.NodeTestTask.lambda$executeRecursively$5(NodeTestTask.java:139) ~[junit-platform-engine-1.5.2.jar:1.5.2]
	at org.junit.platform.engine.support.hierarchical.ThrowableCollector.execute(ThrowableCollector.java:73) ~[junit-platform-engine-1.5.2.jar:1.5.2]
	at org.junit.platform.engine.support.hierarchical.NodeTestTask.lambda$executeRecursively$7(NodeTestTask.java:125) ~[junit-platform-engine-1.5.2.jar:1.5.2]
	at org.junit.platform.engine.support.hierarchical.Node.around(Node.java:135) ~[junit-platform-engine-1.5.2.jar:1.5.2]
	at org.junit.platform.engine.support.hierarchical.NodeTestTask.lambda$executeRecursively$8(NodeTestTask.java:123) ~[junit-platform-engine-1.5.2.jar:1.5.2]
	at org.junit.platform.engine.support.hierarchical.ThrowableCollector.execute(ThrowableCollector.java:73) ~[junit-platform-engine-1.5.2.jar:1.5.2]
	at org.junit.platform.engine.support.hierarchical.NodeTestTask.executeRecursively(NodeTestTask.java:122) ~[junit-platform-engine-1.5.2.jar:1.5.2]
	at org.junit.platform.engine.support.hierarchical.NodeTestTask.execute(NodeTestTask.java:80) ~[junit-platform-engine-1.5.2.jar:1.5.2]
	at java.base/java.util.ArrayList.forEach(ArrayList.java:1541) ~[na:na]
	at org.junit.platform.engine.support.hierarchical.SameThreadHierarchicalTestExecutorService.invokeAll(SameThreadHierarchicalTestExecutorService.java:38) ~[junit-platform-engine-1.5.2.jar:1.5.2]
	at org.junit.platform.engine.support.hierarchical.NodeTestTask.lambda$executeRecursively$5(NodeTestTask.java:139) ~[junit-platform-engine-1.5.2.jar:1.5.2]
	at org.junit.platform.engine.support.hierarchical.ThrowableCollector.execute(ThrowableCollector.java:73) ~[junit-platform-engine-1.5.2.jar:1.5.2]
	at org.junit.platform.engine.support.hierarchical.NodeTestTask.lambda$executeRecursively$7(NodeTestTask.java:125) ~[junit-platform-engine-1.5.2.jar:1.5.2]
	at org.junit.platform.engine.support.hierarchical.Node.around(Node.java:135) ~[junit-platform-engine-1.5.2.jar:1.5.2]
	at org.junit.platform.engine.support.hierarchical.NodeTestTask.lambda$executeRecursively$8(NodeTestTask.java:123) ~[junit-platform-engine-1.5.2.jar:1.5.2]
	at org.junit.platform.engine.support.hierarchical.ThrowableCollector.execute(ThrowableCollector.java:73) ~[junit-platform-engine-1.5.2.jar:1.5.2]
	at org.junit.platform.engine.support.hierarchical.NodeTestTask.executeRecursively(NodeTestTask.java:122) ~[junit-platform-engine-1.5.2.jar:1.5.2]
	at org.junit.platform.engine.support.hierarchical.NodeTestTask.execute(NodeTestTask.java:80) ~[junit-platform-engine-1.5.2.jar:1.5.2]
	at org.junit.platform.engine.support.hierarchical.SameThreadHierarchicalTestExecutorService.submit(SameThreadHierarchicalTestExecutorService.java:32) ~[junit-platform-engine-1.5.2.jar:1.5.2]
	at org.junit.platform.engine.support.hierarchical.HierarchicalTestExecutor.execute(HierarchicalTestExecutor.java:57) ~[junit-platform-engine-1.5.2.jar:1.5.2]
	at org.junit.platform.engine.support.hierarchical.HierarchicalTestEngine.execute(HierarchicalTestEngine.java:51) ~[junit-platform-engine-1.5.2.jar:1.5.2]
	at org.junit.platform.launcher.core.DefaultLauncher.execute(DefaultLauncher.java:220) ~[junit-platform-launcher-1.3.1.jar:1.3.1]
	at org.junit.platform.launcher.core.DefaultLauncher.lambda$execute$6(DefaultLauncher.java:188) ~[junit-platform-launcher-1.3.1.jar:1.3.1]
	at org.junit.platform.launcher.core.DefaultLauncher.withInterceptedStreams(DefaultLauncher.java:202) ~[junit-platform-launcher-1.3.1.jar:1.3.1]
	at org.junit.platform.launcher.core.DefaultLauncher.execute(DefaultLauncher.java:181) ~[junit-platform-launcher-1.3.1.jar:1.3.1]
	at org.junit.platform.launcher.core.DefaultLauncher.execute(DefaultLauncher.java:128) ~[junit-platform-launcher-1.3.1.jar:1.3.1]
	at org.apache.maven.surefire.junitplatform.JUnitPlatformProvider.invokeAllTests(JUnitPlatformProvider.java:150) ~[surefire-junit-platform-2.22.2.jar:2.22.2]
	at org.apache.maven.surefire.junitplatform.JUnitPlatformProvider.invoke(JUnitPlatformProvider.java:124) ~[surefire-junit-platform-2.22.2.jar:2.22.2]
	at org.apache.maven.surefire.booter.ForkedBooter.invokeProviderInSameClassLoader(ForkedBooter.java:384) ~[surefire-booter-2.22.2.jar:2.22.2]
	at org.apache.maven.surefire.booter.ForkedBooter.runSuitesInProcess(ForkedBooter.java:345) ~[surefire-booter-2.22.2.jar:2.22.2]
	at org.apache.maven.surefire.booter.ForkedBooter.execute(ForkedBooter.java:126) ~[surefire-booter-2.22.2.jar:2.22.2]
	at org.apache.maven.surefire.booter.ForkedBooter.main(ForkedBooter.java:418) ~[surefire-booter-2.22.2.jar:2.22.2]
Caused by: org.springframework.boot.web.server.PortInUseException: Port 8080 is already in use
	at org.springframework.boot.web.embedded.tomcat.TomcatWebServer.start(TomcatWebServer.java:213) ~[spring-boot-2.2.4.RELEASE.jar:2.2.4.RELEASE]
	at org.springframework.boot.web.servlet.context.ServletWebServerApplicationContext.startWebServer(ServletWebServerApplicationContext.java:297) ~[spring-boot-2.2.4.RELEASE.jar:2.2.4.RELEASE]
	at org.springframework.boot.web.servlet.context.ServletWebServerApplicationContext.finishRefresh(ServletWebServerApplicationContext.java:163) ~[spring-boot-2.2.4.RELEASE.jar:2.2.4.RELEASE]
	at org.springframework.context.support.AbstractApplicationContext.refresh(AbstractApplicationContext.java:553) ~[spring-context-5.2.3.RELEASE.jar:5.2.3.RELEASE]
	at org.springframework.boot.web.servlet.context.ServletWebServerApplicationContext.refresh(ServletWebServerApplicationContext.java:141) ~[spring-boot-2.2.4.RELEASE.jar:2.2.4.RELEASE]
	at org.springframework.boot.SpringApplication.refresh(SpringApplication.java:747) ~[spring-boot-2.2.4.RELEASE.jar:2.2.4.RELEASE]
	at org.springframework.boot.SpringApplication.refreshContext(SpringApplication.java:397) ~[spring-boot-2.2.4.RELEASE.jar:2.2.4.RELEASE]
	at org.springframework.boot.SpringApplication.run(SpringApplication.java:315) ~[spring-boot-2.2.4.RELEASE.jar:2.2.4.RELEASE]
	at org.springframework.boot.test.context.SpringBootContextLoader.loadContext(SpringBootContextLoader.java:126) ~[spring-boot-test-2.2.4.RELEASE.jar:2.2.4.RELEASE]
	at org.springframework.test.context.cache.DefaultCacheAwareContextLoaderDelegate.loadContextInternal(DefaultCacheAwareContextLoaderDelegate.java:99) ~[spring-test-5.2.3.RELEASE.jar:5.2.3.RELEASE]
	at org.springframework.test.context.cache.DefaultCacheAwareContextLoaderDelegate.loadContext(DefaultCacheAwareContextLoaderDelegate.java:124) ~[spring-test-5.2.3.RELEASE.jar:5.2.3.RELEASE]
	... 66 common frames omitted


  .   ____          _            __ _ _
 /\\ / ___'_ __ _ _(_)_ __  __ _ \ \ \ \
( ( )\___ | '_ | '_| | '_ \/ _` | \ \ \ \
 \\/  ___)| |_)| | | | | || (_| |  ) ) ) )
  '  |____| .__|_| |_|_| |_\__, | / / / /
 =========|_|==============|___/=/_/_/_/
 :: Spring Boot ::        (v2.2.4.RELEASE)

2020-11-09 18:31:45.741  INFO 216 --- [           main] p.p.panda.PandaApplicationSeleniumTest   : Starting PandaApplicationSeleniumTest on 7f29e35ef178 with PID 216 (started by jenkins in /var/jenkins_home/workspace/CI)
2020-11-09 18:31:45.742  INFO 216 --- [           main] p.p.panda.PandaApplicationSeleniumTest   : No active profile set, falling back to default profiles: default
2020-11-09 18:31:46.013  INFO 216 --- [           main] o.s.b.w.embedded.tomcat.TomcatWebServer  : Tomcat initialized with port(s): 8080 (http)
2020-11-09 18:31:46.015  INFO 216 --- [           main] o.apache.catalina.core.StandardService   : Starting service [Tomcat]
2020-11-09 18:31:46.015  INFO 216 --- [           main] org.apache.catalina.core.StandardEngine  : Starting Servlet engine: [Apache Tomcat/9.0.30]
2020-11-09 18:31:46.034  INFO 216 --- [           main] o.a.c.c.C.[Tomcat-3].[localhost].[/]     : Initializing Spring embedded WebApplicationContext
2020-11-09 18:31:46.035  INFO 216 --- [           main] o.s.web.context.ContextLoader            : Root WebApplicationContext: initialization completed in 289 ms
2020-11-09 18:31:46.229  INFO 216 --- [           main] o.s.s.concurrent.ThreadPoolTaskExecutor  : Initializing ExecutorService 'applicationTaskExecutor'
2020-11-09 18:31:46.281  INFO 216 --- [           main] o.s.b.a.w.s.WelcomePageHandlerMapping    : Adding welcome page: class path resource [static/index.html]
2020-11-09 18:31:46.427  INFO 216 --- [           main] o.apache.catalina.core.StandardService   : Stopping service [Tomcat]
2020-11-09 18:31:46.432  INFO 216 --- [           main] ConditionEvaluationReportLoggingListener : 

Error starting ApplicationContext. To display the conditions report re-run your application with 'debug' enabled.
2020-11-09 18:31:46.433 ERROR 216 --- [           main] o.s.b.d.LoggingFailureAnalysisReporter   : 

***************************
APPLICATION FAILED TO START
***************************

Description:

Web server failed to start. Port 8080 was already in use.

Action:

Identify and stop the process that's listening on port 8080 or configure this application to listen on another port.

2020-11-09 18:31:46.435  INFO 216 --- [           main] o.s.s.concurrent.ThreadPoolTaskExecutor  : Shutting down ExecutorService 'applicationTaskExecutor'

  .   ____          _            __ _ _
 /\\ / ___'_ __ _ _(_)_ __  __ _ \ \ \ \
( ( )\___ | '_ | '_| | '_ \/ _` | \ \ \ \
 \\/  ___)| |_)| | | | | || (_| |  ) ) ) )
  '  |____| .__|_| |_|_| |_\__, | / / / /
 =========|_|==============|___/=/_/_/_/
 :: Spring Boot ::        (v2.2.4.RELEASE)

2020-11-09 18:31:46.461  INFO 216 --- [           main] p.p.panda.PandaApplicationSeleniumTest   : Starting PandaApplicationSeleniumTest on 7f29e35ef178 with PID 216 (started by jenkins in /var/jenkins_home/workspace/CI)
2020-11-09 18:31:46.461  INFO 216 --- [           main] p.p.panda.PandaApplicationSeleniumTest   : No active profile set, falling back to default profiles: default
2020-11-09 18:31:46.715  INFO 216 --- [           main] o.s.b.w.embedded.tomcat.TomcatWebServer  : Tomcat initialized with port(s): 8080 (http)
2020-11-09 18:31:46.716  INFO 216 --- [           main] o.apache.catalina.core.StandardService   : Starting service [Tomcat]
2020-11-09 18:31:46.717  INFO 216 --- [           main] org.apache.catalina.core.StandardEngine  : Starting Servlet engine: [Apache Tomcat/9.0.30]
2020-11-09 18:31:46.737  INFO 216 --- [           main] o.a.c.c.C.[Tomcat-4].[localhost].[/]     : Initializing Spring embedded WebApplicationContext
2020-11-09 18:31:46.737  INFO 216 --- [           main] o.s.web.context.ContextLoader            : Root WebApplicationContext: initialization completed in 269 ms
2020-11-09 18:31:46.918  INFO 216 --- [           main] o.s.s.concurrent.ThreadPoolTaskExecutor  : Initializing ExecutorService 'applicationTaskExecutor'
2020-11-09 18:31:46.956  INFO 216 --- [           main] o.s.b.a.w.s.WelcomePageHandlerMapping    : Adding welcome page: class path resource [static/index.html]
2020-11-09 18:31:47.112  INFO 216 --- [           main] o.apache.catalina.core.StandardService   : Stopping service [Tomcat]
2020-11-09 18:31:47.120  INFO 216 --- [           main] ConditionEvaluationReportLoggingListener : 

Error starting ApplicationContext. To display the conditions report re-run your application with 'debug' enabled.
2020-11-09 18:31:47.120 ERROR 216 --- [           main] o.s.b.d.LoggingFailureAnalysisReporter   : 

***************************
APPLICATION FAILED TO START
***************************

Description:

Web server failed to start. Port 8080 was already in use.

Action:

Identify and stop the process that's listening on port 8080 or configure this application to listen on another port.

2020-11-09 18:31:47.121  INFO 216 --- [           main] o.s.s.concurrent.ThreadPoolTaskExecutor  : Shutting down ExecutorService 'applicationTaskExecutor'
2020-11-09 18:31:47.123 ERROR 216 --- [           main] o.s.test.context.TestContextManager      : Caught exception while allowing TestExecutionListener [org.springframework.boot.test.autoconfigure.SpringBootDependencyInjectionTestExecutionListener@31c7c281] to prepare test instance [pl.pandait.panda.PandaApplicationSeleniumTest@2210e466]

java.lang.IllegalStateException: Failed to load ApplicationContext
	at org.springframework.test.context.cache.DefaultCacheAwareContextLoaderDelegate.loadContext(DefaultCacheAwareContextLoaderDelegate.java:132) ~[spring-test-5.2.3.RELEASE.jar:5.2.3.RELEASE]
	at org.springframework.test.context.support.DefaultTestContext.getApplicationContext(DefaultTestContext.java:123) ~[spring-test-5.2.3.RELEASE.jar:5.2.3.RELEASE]
	at org.springframework.test.context.support.DependencyInjectionTestExecutionListener.injectDependencies(DependencyInjectionTestExecutionListener.java:118) ~[spring-test-5.2.3.RELEASE.jar:5.2.3.RELEASE]
	at org.springframework.test.context.support.DependencyInjectionTestExecutionListener.prepareTestInstance(DependencyInjectionTestExecutionListener.java:83) ~[spring-test-5.2.3.RELEASE.jar:5.2.3.RELEASE]
	at org.springframework.boot.test.autoconfigure.SpringBootDependencyInjectionTestExecutionListener.prepareTestInstance(SpringBootDependencyInjectionTestExecutionListener.java:43) ~[spring-boot-test-autoconfigure-2.2.4.RELEASE.jar:2.2.4.RELEASE]
	at org.springframework.test.context.TestContextManager.prepareTestInstance(TestContextManager.java:244) ~[spring-test-5.2.3.RELEASE.jar:5.2.3.RELEASE]
	at org.springframework.test.context.junit.jupiter.SpringExtension.postProcessTestInstance(SpringExtension.java:98) ~[spring-test-5.2.3.RELEASE.jar:5.2.3.RELEASE]
	at org.junit.jupiter.engine.descriptor.ClassBasedTestDescriptor.lambda$invokeTestInstancePostProcessors$5(ClassBasedTestDescriptor.java:337) ~[junit-jupiter-engine-5.5.2.jar:5.5.2]
	at org.junit.jupiter.engine.descriptor.ClassBasedTestDescriptor.executeAndMaskThrowable(ClassBasedTestDescriptor.java:342) ~[junit-jupiter-engine-5.5.2.jar:5.5.2]
	at org.junit.jupiter.engine.descriptor.ClassBasedTestDescriptor.lambda$invokeTestInstancePostProcessors$6(ClassBasedTestDescriptor.java:337) ~[junit-jupiter-engine-5.5.2.jar:5.5.2]
	at java.base/java.util.stream.ReferencePipeline$3$1.accept(ReferencePipeline.java:195) ~[na:na]
	at java.base/java.util.stream.ReferencePipeline$2$1.accept(ReferencePipeline.java:177) ~[na:na]
	at java.base/java.util.ArrayList$ArrayListSpliterator.forEachRemaining(ArrayList.java:1655) ~[na:na]
	at java.base/java.util.stream.AbstractPipeline.copyInto(AbstractPipeline.java:484) ~[na:na]
	at java.base/java.util.stream.AbstractPipeline.wrapAndCopyInto(AbstractPipeline.java:474) ~[na:na]
	at java.base/java.util.stream.StreamSpliterators$WrappingSpliterator.forEachRemaining(StreamSpliterators.java:312) ~[na:na]
	at java.base/java.util.stream.Streams$ConcatSpliterator.forEachRemaining(Streams.java:735) ~[na:na]
	at java.base/java.util.stream.Streams$ConcatSpliterator.forEachRemaining(Streams.java:734) ~[na:na]
	at java.base/java.util.stream.ReferencePipeline$Head.forEach(ReferencePipeline.java:658) ~[na:na]
	at org.junit.jupiter.engine.descriptor.ClassBasedTestDescriptor.invokeTestInstancePostProcessors(ClassBasedTestDescriptor.java:336) ~[junit-jupiter-engine-5.5.2.jar:5.5.2]
	at org.junit.jupiter.engine.descriptor.ClassBasedTestDescriptor.instantiateAndPostProcessTestInstance(ClassBasedTestDescriptor.java:259) ~[junit-jupiter-engine-5.5.2.jar:5.5.2]
	at org.junit.jupiter.engine.descriptor.ClassBasedTestDescriptor.lambda$testInstancesProvider$2(ClassBasedTestDescriptor.java:252) ~[junit-jupiter-engine-5.5.2.jar:5.5.2]
	at java.base/java.util.Optional.orElseGet(Optional.java:369) ~[na:na]
	at org.junit.jupiter.engine.descriptor.ClassBasedTestDescriptor.lambda$testInstancesProvider$3(ClassBasedTestDescriptor.java:251) ~[junit-jupiter-engine-5.5.2.jar:5.5.2]
	at org.junit.jupiter.engine.execution.TestInstancesProvider.getTestInstances(TestInstancesProvider.java:29) ~[junit-jupiter-engine-5.5.2.jar:5.5.2]
	at org.junit.jupiter.engine.descriptor.TestMethodTestDescriptor.lambda$prepare$0(TestMethodTestDescriptor.java:106) ~[junit-jupiter-engine-5.5.2.jar:5.5.2]
	at org.junit.platform.engine.support.hierarchical.ThrowableCollector.execute(ThrowableCollector.java:73) ~[junit-platform-engine-1.5.2.jar:1.5.2]
	at org.junit.jupiter.engine.descriptor.TestMethodTestDescriptor.prepare(TestMethodTestDescriptor.java:105) ~[junit-jupiter-engine-5.5.2.jar:5.5.2]
	at org.junit.jupiter.engine.descriptor.TestMethodTestDescriptor.prepare(TestMethodTestDescriptor.java:69) ~[junit-jupiter-engine-5.5.2.jar:5.5.2]
	at org.junit.platform.engine.support.hierarchical.NodeTestTask.lambda$prepare$1(NodeTestTask.java:107) ~[junit-platform-engine-1.5.2.jar:1.5.2]
	at org.junit.platform.engine.support.hierarchical.ThrowableCollector.execute(ThrowableCollector.java:73) ~[junit-platform-engine-1.5.2.jar:1.5.2]
	at org.junit.platform.engine.support.hierarchical.NodeTestTask.prepare(NodeTestTask.java:107) ~[junit-platform-engine-1.5.2.jar:1.5.2]
	at org.junit.platform.engine.support.hierarchical.NodeTestTask.execute(NodeTestTask.java:75) ~[junit-platform-engine-1.5.2.jar:1.5.2]
	at java.base/java.util.ArrayList.forEach(ArrayList.java:1541) ~[na:na]
	at org.junit.platform.engine.support.hierarchical.SameThreadHierarchicalTestExecutorService.invokeAll(SameThreadHierarchicalTestExecutorService.java:38) ~[junit-platform-engine-1.5.2.jar:1.5.2]
	at org.junit.platform.engine.support.hierarchical.NodeTestTask.lambda$executeRecursively$5(NodeTestTask.java:139) ~[junit-platform-engine-1.5.2.jar:1.5.2]
	at org.junit.platform.engine.support.hierarchical.ThrowableCollector.execute(ThrowableCollector.java:73) ~[junit-platform-engine-1.5.2.jar:1.5.2]
	at org.junit.platform.engine.support.hierarchical.NodeTestTask.lambda$executeRecursively$7(NodeTestTask.java:125) ~[junit-platform-engine-1.5.2.jar:1.5.2]
	at org.junit.platform.engine.support.hierarchical.Node.around(Node.java:135) ~[junit-platform-engine-1.5.2.jar:1.5.2]
	at org.junit.platform.engine.support.hierarchical.NodeTestTask.lambda$executeRecursively$8(NodeTestTask.java:123) ~[junit-platform-engine-1.5.2.jar:1.5.2]
	at org.junit.platform.engine.support.hierarchical.ThrowableCollector.execute(ThrowableCollector.java:73) ~[junit-platform-engine-1.5.2.jar:1.5.2]
	at org.junit.platform.engine.support.hierarchical.NodeTestTask.executeRecursively(NodeTestTask.java:122) ~[junit-platform-engine-1.5.2.jar:1.5.2]
	at org.junit.platform.engine.support.hierarchical.NodeTestTask.execute(NodeTestTask.java:80) ~[junit-platform-engine-1.5.2.jar:1.5.2]
	at java.base/java.util.ArrayList.forEach(ArrayList.java:1541) ~[na:na]
	at org.junit.platform.engine.support.hierarchical.SameThreadHierarchicalTestExecutorService.invokeAll(SameThreadHierarchicalTestExecutorService.java:38) ~[junit-platform-engine-1.5.2.jar:1.5.2]
	at org.junit.platform.engine.support.hierarchical.NodeTestTask.lambda$executeRecursively$5(NodeTestTask.java:139) ~[junit-platform-engine-1.5.2.jar:1.5.2]
	at org.junit.platform.engine.support.hierarchical.ThrowableCollector.execute(ThrowableCollector.java:73) ~[junit-platform-engine-1.5.2.jar:1.5.2]
	at org.junit.platform.engine.support.hierarchical.NodeTestTask.lambda$executeRecursively$7(NodeTestTask.java:125) ~[junit-platform-engine-1.5.2.jar:1.5.2]
	at org.junit.platform.engine.support.hierarchical.Node.around(Node.java:135) ~[junit-platform-engine-1.5.2.jar:1.5.2]
	at org.junit.platform.engine.support.hierarchical.NodeTestTask.lambda$executeRecursively$8(NodeTestTask.java:123) ~[junit-platform-engine-1.5.2.jar:1.5.2]
	at org.junit.platform.engine.support.hierarchical.ThrowableCollector.execute(ThrowableCollector.java:73) ~[junit-platform-engine-1.5.2.jar:1.5.2]
	at org.junit.platform.engine.support.hierarchical.NodeTestTask.executeRecursively(NodeTestTask.java:122) ~[junit-platform-engine-1.5.2.jar:1.5.2]
	at org.junit.platform.engine.support.hierarchical.NodeTestTask.execute(NodeTestTask.java:80) ~[junit-platform-engine-1.5.2.jar:1.5.2]
	at org.junit.platform.engine.support.hierarchical.SameThreadHierarchicalTestExecutorService.submit(SameThreadHierarchicalTestExecutorService.java:32) ~[junit-platform-engine-1.5.2.jar:1.5.2]
	at org.junit.platform.engine.support.hierarchical.HierarchicalTestExecutor.execute(HierarchicalTestExecutor.java:57) ~[junit-platform-engine-1.5.2.jar:1.5.2]
	at org.junit.platform.engine.support.hierarchical.HierarchicalTestEngine.execute(HierarchicalTestEngine.java:51) ~[junit-platform-engine-1.5.2.jar:1.5.2]
	at org.junit.platform.launcher.core.DefaultLauncher.execute(DefaultLauncher.java:220) ~[junit-platform-launcher-1.3.1.jar:1.3.1]
	at org.junit.platform.launcher.core.DefaultLauncher.lambda$execute$6(DefaultLauncher.java:188) ~[junit-platform-launcher-1.3.1.jar:1.3.1]
	at org.junit.platform.launcher.core.DefaultLauncher.withInterceptedStreams(DefaultLauncher.java:202) ~[junit-platform-launcher-1.3.1.jar:1.3.1]
	at org.junit.platform.launcher.core.DefaultLauncher.execute(DefaultLauncher.java:181) ~[junit-platform-launcher-1.3.1.jar:1.3.1]
	at org.junit.platform.launcher.core.DefaultLauncher.execute(DefaultLauncher.java:128) ~[junit-platform-launcher-1.3.1.jar:1.3.1]
	at org.apache.maven.surefire.junitplatform.JUnitPlatformProvider.invokeAllTests(JUnitPlatformProvider.java:150) ~[surefire-junit-platform-2.22.2.jar:2.22.2]
	at org.apache.maven.surefire.junitplatform.JUnitPlatformProvider.invoke(JUnitPlatformProvider.java:124) ~[surefire-junit-platform-2.22.2.jar:2.22.2]
	at org.apache.maven.surefire.booter.ForkedBooter.invokeProviderInSameClassLoader(ForkedBooter.java:384) ~[surefire-booter-2.22.2.jar:2.22.2]
	at org.apache.maven.surefire.booter.ForkedBooter.runSuitesInProcess(ForkedBooter.java:345) ~[surefire-booter-2.22.2.jar:2.22.2]
	at org.apache.maven.surefire.booter.ForkedBooter.execute(ForkedBooter.java:126) ~[surefire-booter-2.22.2.jar:2.22.2]
	at org.apache.maven.surefire.booter.ForkedBooter.main(ForkedBooter.java:418) ~[surefire-booter-2.22.2.jar:2.22.2]
Caused by: org.springframework.boot.web.server.PortInUseException: Port 8080 is already in use
	at org.springframework.boot.web.embedded.tomcat.TomcatWebServer.start(TomcatWebServer.java:213) ~[spring-boot-2.2.4.RELEASE.jar:2.2.4.RELEASE]
	at org.springframework.boot.web.servlet.context.ServletWebServerApplicationContext.startWebServer(ServletWebServerApplicationContext.java:297) ~[spring-boot-2.2.4.RELEASE.jar:2.2.4.RELEASE]
	at org.springframework.boot.web.servlet.context.ServletWebServerApplicationContext.finishRefresh(ServletWebServerApplicationContext.java:163) ~[spring-boot-2.2.4.RELEASE.jar:2.2.4.RELEASE]
	at org.springframework.context.support.AbstractApplicationContext.refresh(AbstractApplicationContext.java:553) ~[spring-context-5.2.3.RELEASE.jar:5.2.3.RELEASE]
	at org.springframework.boot.web.servlet.context.ServletWebServerApplicationContext.refresh(ServletWebServerApplicationContext.java:141) ~[spring-boot-2.2.4.RELEASE.jar:2.2.4.RELEASE]
	at org.springframework.boot.SpringApplication.refresh(SpringApplication.java:747) ~[spring-boot-2.2.4.RELEASE.jar:2.2.4.RELEASE]
	at org.springframework.boot.SpringApplication.refreshContext(SpringApplication.java:397) ~[spring-boot-2.2.4.RELEASE.jar:2.2.4.RELEASE]
	at org.springframework.boot.SpringApplication.run(SpringApplication.java:315) ~[spring-boot-2.2.4.RELEASE.jar:2.2.4.RELEASE]
	at org.springframework.boot.test.context.SpringBootContextLoader.loadContext(SpringBootContextLoader.java:126) ~[spring-boot-test-2.2.4.RELEASE.jar:2.2.4.RELEASE]
	at org.springframework.test.context.cache.DefaultCacheAwareContextLoaderDelegate.loadContextInternal(DefaultCacheAwareContextLoaderDelegate.java:99) ~[spring-test-5.2.3.RELEASE.jar:5.2.3.RELEASE]
	at org.springframework.test.context.cache.DefaultCacheAwareContextLoaderDelegate.loadContext(DefaultCacheAwareContextLoaderDelegate.java:124) ~[spring-test-5.2.3.RELEASE.jar:5.2.3.RELEASE]
	... 66 common frames omitted

[8mha:////4KQtGj/rX4W3QWmdL4qTMs6lSwQzr5Ggiiz/GDOHWUYiAAAAYB+LCAAAAAAAAP9b85aBtbiIQSmjNKU4P0+vJLE4u1gvPjexLDVPzxdEuhYV5Rf55ZekOlc7RKnPKH7IxMBQUcQgBdWQnJ9XnJ+TqucMoUEKGSCAEaSwAACsNFCqYAAAAA==[0m[ERROR] Tests run: 2, Failures: 0, Errors: 2, Skipped: 0, Time elapsed: 3.269 s <<< FAILURE! - in pl.pandait.panda.PandaApplicationSeleniumTest
[8mha:////4KQtGj/rX4W3QWmdL4qTMs6lSwQzr5Ggiiz/GDOHWUYiAAAAYB+LCAAAAAAAAP9b85aBtbiIQSmjNKU4P0+vJLE4u1gvPjexLDVPzxdEuhYV5Rf55ZekOlc7RKnPKH7IxMBQUcQgBdWQnJ9XnJ+TqucMoUEKGSCAEaSwAACsNFCqYAAAAA==[0m[ERROR] greetings_shouldOpenMainPageThenReturnWelcomeText  Time elapsed: 0.006 s  <<< ERROR!
java.lang.IllegalStateException: Failed to load ApplicationContext
Caused by: org.springframework.boot.web.server.PortInUseException: Port 8080 is already in use

[8mha:////4KQtGj/rX4W3QWmdL4qTMs6lSwQzr5Ggiiz/GDOHWUYiAAAAYB+LCAAAAAAAAP9b85aBtbiIQSmjNKU4P0+vJLE4u1gvPjexLDVPzxdEuhYV5Rf55ZekOlc7RKnPKH7IxMBQUcQgBdWQnJ9XnJ+TqucMoUEKGSCAEaSwAACsNFCqYAAAAA==[0m[ERROR] greetings_shouldOpenSubpageThenReturnGreetingsText  Time elapsed: 0 s  <<< ERROR!
java.lang.IllegalStateException: Failed to load ApplicationContext
Caused by: org.springframework.boot.web.server.PortInUseException: Port 8080 is already in use

2020-11-09 18:31:47.201  INFO 216 --- [extShutdownHook] o.s.s.concurrent.ThreadPoolTaskExecutor  : Shutting down ExecutorService 'applicationTaskExecutor'
2020-11-09 18:31:47.207  INFO 216 --- [extShutdownHook] o.s.s.concurrent.ThreadPoolTaskExecutor  : Shutting down ExecutorService 'applicationTaskExecutor'
[INFO] 
[INFO] Results:
[INFO] 
[8mha:////4KQtGj/rX4W3QWmdL4qTMs6lSwQzr5Ggiiz/GDOHWUYiAAAAYB+LCAAAAAAAAP9b85aBtbiIQSmjNKU4P0+vJLE4u1gvPjexLDVPzxdEuhYV5Rf55ZekOlc7RKnPKH7IxMBQUcQgBdWQnJ9XnJ+TqucMoUEKGSCAEaSwAACsNFCqYAAAAA==[0m[ERROR] Errors: 
[8mha:////4KQtGj/rX4W3QWmdL4qTMs6lSwQzr5Ggiiz/GDOHWUYiAAAAYB+LCAAAAAAAAP9b85aBtbiIQSmjNKU4P0+vJLE4u1gvPjexLDVPzxdEuhYV5Rf55ZekOlc7RKnPKH7IxMBQUcQgBdWQnJ9XnJ+TqucMoUEKGSCAEaSwAACsNFCqYAAAAA==[0m[ERROR]   PandaApplicationSeleniumTest.greetings_shouldOpenMainPageThenReturnWelcomeText » IllegalState
[8mha:////4KQtGj/rX4W3QWmdL4qTMs6lSwQzr5Ggiiz/GDOHWUYiAAAAYB+LCAAAAAAAAP9b85aBtbiIQSmjNKU4P0+vJLE4u1gvPjexLDVPzxdEuhYV5Rf55ZekOlc7RKnPKH7IxMBQUcQgBdWQnJ9XnJ+TqucMoUEKGSCAEaSwAACsNFCqYAAAAA==[0m[ERROR]   PandaApplicationSeleniumTest.greetings_shouldOpenSubpageThenReturnGreetingsText » IllegalState
[INFO] 
[8mha:////4KQtGj/rX4W3QWmdL4qTMs6lSwQzr5Ggiiz/GDOHWUYiAAAAYB+LCAAAAAAAAP9b85aBtbiIQSmjNKU4P0+vJLE4u1gvPjexLDVPzxdEuhYV5Rf55ZekOlc7RKnPKH7IxMBQUcQgBdWQnJ9XnJ+TqucMoUEKGSCAEaSwAACsNFCqYAAAAA==[0m[ERROR] Tests run: 4, Failures: 0, Errors: 2, Skipped: 0
[INFO] 
[INFO] ------------------------------------------------------------------------
[INFO] BUILD FAILURE
[INFO] ------------------------------------------------------------------------
[INFO] Total time:  23.830 s
[INFO] Finished at: 2020-11-09T18:31:47Z
[INFO] ------------------------------------------------------------------------
[8mha:////4KQtGj/rX4W3QWmdL4qTMs6lSwQzr5Ggiiz/GDOHWUYiAAAAYB+LCAAAAAAAAP9b85aBtbiIQSmjNKU4P0+vJLE4u1gvPjexLDVPzxdEuhYV5Rf55ZekOlc7RKnPKH7IxMBQUcQgBdWQnJ9XnJ+TqucMoUEKGSCAEaSwAACsNFCqYAAAAA==[0m[ERROR] Failed to execute goal org.apache.maven.plugins:maven-surefire-plugin:2.22.2:test (default-test) on project panda: There are test failures.
[8mha:////4KQtGj/rX4W3QWmdL4qTMs6lSwQzr5Ggiiz/GDOHWUYiAAAAYB+LCAAAAAAAAP9b85aBtbiIQSmjNKU4P0+vJLE4u1gvPjexLDVPzxdEuhYV5Rf55ZekOlc7RKnPKH7IxMBQUcQgBdWQnJ9XnJ+TqucMoUEKGSCAEaSwAACsNFCqYAAAAA==[0m[ERROR] 
[8mha:////4KQtGj/rX4W3QWmdL4qTMs6lSwQzr5Ggiiz/GDOHWUYiAAAAYB+LCAAAAAAAAP9b85aBtbiIQSmjNKU4P0+vJLE4u1gvPjexLDVPzxdEuhYV5Rf55ZekOlc7RKnPKH7IxMBQUcQgBdWQnJ9XnJ+TqucMoUEKGSCAEaSwAACsNFCqYAAAAA==[0m[ERROR] Please refer to /var/jenkins_home/workspace/CI/target/surefire-reports for the individual test results.
[8mha:////4KQtGj/rX4W3QWmdL4qTMs6lSwQzr5Ggiiz/GDOHWUYiAAAAYB+LCAAAAAAAAP9b85aBtbiIQSmjNKU4P0+vJLE4u1gvPjexLDVPzxdEuhYV5Rf55ZekOlc7RKnPKH7IxMBQUcQgBdWQnJ9XnJ+TqucMoUEKGSCAEaSwAACsNFCqYAAAAA==[0m[ERROR] Please refer to dump files (if any exist) [date].dump, [date]-jvmRun[N].dump and [date].dumpstream.
[8mha:////4KQtGj/rX4W3QWmdL4qTMs6lSwQzr5Ggiiz/GDOHWUYiAAAAYB+LCAAAAAAAAP9b85aBtbiIQSmjNKU4P0+vJLE4u1gvPjexLDVPzxdEuhYV5Rf55ZekOlc7RKnPKH7IxMBQUcQgBdWQnJ9XnJ+TqucMoUEKGSCAEaSwAACsNFCqYAAAAA==[0m[ERROR] -> [Help 1]
[8mha:////4KQtGj/rX4W3QWmdL4qTMs6lSwQzr5Ggiiz/GDOHWUYiAAAAYB+LCAAAAAAAAP9b85aBtbiIQSmjNKU4P0+vJLE4u1gvPjexLDVPzxdEuhYV5Rf55ZekOlc7RKnPKH7IxMBQUcQgBdWQnJ9XnJ+TqucMoUEKGSCAEaSwAACsNFCqYAAAAA==[0m[ERROR] 
[8mha:////4KQtGj/rX4W3QWmdL4qTMs6lSwQzr5Ggiiz/GDOHWUYiAAAAYB+LCAAAAAAAAP9b85aBtbiIQSmjNKU4P0+vJLE4u1gvPjexLDVPzxdEuhYV5Rf55ZekOlc7RKnPKH7IxMBQUcQgBdWQnJ9XnJ+TqucMoUEKGSCAEaSwAACsNFCqYAAAAA==[0m[ERROR] To see the full stack trace of the errors, re-run Maven with the -e switch.
[8mha:////4KQtGj/rX4W3QWmdL4qTMs6lSwQzr5Ggiiz/GDOHWUYiAAAAYB+LCAAAAAAAAP9b85aBtbiIQSmjNKU4P0+vJLE4u1gvPjexLDVPzxdEuhYV5Rf55ZekOlc7RKnPKH7IxMBQUcQgBdWQnJ9XnJ+TqucMoUEKGSCAEaSwAACsNFCqYAAAAA==[0m[ERROR] Re-run Maven using the -X switch to enable full debug logging.
[8mha:////4KQtGj/rX4W3QWmdL4qTMs6lSwQzr5Ggiiz/GDOHWUYiAAAAYB+LCAAAAAAAAP9b85aBtbiIQSmjNKU4P0+vJLE4u1gvPjexLDVPzxdEuhYV5Rf55ZekOlc7RKnPKH7IxMBQUcQgBdWQnJ9XnJ+TqucMoUEKGSCAEaSwAACsNFCqYAAAAA==[0m[ERROR] 
[8mha:////4KQtGj/rX4W3QWmdL4qTMs6lSwQzr5Ggiiz/GDOHWUYiAAAAYB+LCAAAAAAAAP9b85aBtbiIQSmjNKU4P0+vJLE4u1gvPjexLDVPzxdEuhYV5Rf55ZekOlc7RKnPKH7IxMBQUcQgBdWQnJ9XnJ+TqucMoUEKGSCAEaSwAACsNFCqYAAAAA==[0m[ERROR] For more information about the errors and possible solutions, please read the following articles:
[8mha:////4KQtGj/rX4W3QWmdL4qTMs6lSwQzr5Ggiiz/GDOHWUYiAAAAYB+LCAAAAAAAAP9b85aBtbiIQSmjNKU4P0+vJLE4u1gvPjexLDVPzxdEuhYV5Rf55ZekOlc7RKnPKH7IxMBQUcQgBdWQnJ9XnJ+TqucMoUEKGSCAEaSwAACsNFCqYAAAAA==[0m[ERROR] [Help 1] http://cwiki.apache.org/confluence/display/MAVEN/MojoFailureException
Build step 'Invoke top-level Maven targets' marked build as failure
Finished: FAILURE
